<?xml version="1.0" encoding="UTF-8"?>
<coverage generated="1781656848912" clover="3.2.0">
  <project timestamp="1781656848912" name="All files">
    <metrics statements="292" coveredstatements="235" conditionals="196" coveredconditionals="155" methods="92" coveredmethods="80" elements="580" coveredelements="470" complexity="0" loc="292" ncloc="292" packages="5" files="31" classes="31"/>
    <package name="constants">
      <metrics statements="4" coveredstatements="1" conditionals="8" coveredconditionals="4" methods="0" coveredmethods="0"/>
      <file name="config.ts" path="/Users/victorboyadjian/Documents/dev/MSPR2/healthai-app/src/constants/config.ts">
        <metrics statements="1" coveredstatements="1" conditionals="8" coveredconditionals="4" methods="0" coveredmethods="0"/>
        <line num="1" count="11" type="stmt"/>
      </file>
      <file name="meals.ts" path="/Users/victorboyadjian/Documents/dev/MSPR2/healthai-app/src/constants/meals.ts">
        <metrics statements="2" coveredstatements="0" conditionals="0" coveredconditionals="0" methods="0" coveredmethods="0"/>
        <line num="3" count="0" type="stmt"/>
        <line num="5" count="0" type="stmt"/>
      </file>
      <file name="routes.ts" path="/Users/victorboyadjian/Documents/dev/MSPR2/healthai-app/src/constants/routes.ts">
        <metrics statements="1" coveredstatements="0" conditionals="0" coveredconditionals="0" methods="0" coveredmethods="0"/>
        <line num="1" count="0" type="stmt"/>
      </file>
    </package>
    <package name="constants.theme">
      <metrics statements="6" coveredstatements="5" conditionals="2" coveredconditionals="1" methods="0" coveredmethods="0"/>
      <file name="colors.ts" path="/Users/victorboyadjian/Documents/dev/MSPR2/healthai-app/src/constants/theme/colors.ts">
        <metrics statements="2" coveredstatements="2" conditionals="0" coveredconditionals="0" methods="0" coveredmethods="0"/>
        <line num="11" count="4" type="stmt"/>
        <line num="20" count="4" type="stmt"/>
      </file>
      <file name="fonts.ts" path="/Users/victorboyadjian/Documents/dev/MSPR2/healthai-app/src/constants/theme/fonts.ts">
        <metrics statements="1" coveredstatements="0" conditionals="0" coveredconditionals="0" methods="0" coveredmethods="0"/>
        <line num="3" count="0" type="stmt"/>
      </file>
      <file name="layout.ts" path="/Users/victorboyadjian/Documents/dev/MSPR2/healthai-app/src/constants/theme/layout.ts">
        <metrics statements="3" coveredstatements="3" conditionals="2" coveredconditionals="1" methods="0" coveredmethods="0"/>
        <line num="3" count="1" type="stmt"/>
        <line num="13" count="1" type="cond" truecount="1" falsecount="1"/>
        <line num="14" count="1" type="stmt"/>
      </file>
    </package>
    <package name="services">
      <metrics statements="200" coveredstatements="155" conditionals="99" coveredconditionals="72" methods="59" coveredmethods="49"/>
      <file name="allergyService.ts" path="/Users/victorboyadjian/Documents/dev/MSPR2/healthai-app/src/services/allergyService.ts">
        <metrics statements="9" coveredstatements="9" conditionals="4" coveredconditionals="4" methods="1" coveredmethods="1"/>
        <line num="4" count="1" type="stmt"/>
        <line num="7" count="4" type="stmt"/>
        <line num="8" count="4" type="stmt"/>
        <line num="9" count="4" type="stmt"/>
        <line num="10" count="5" type="stmt"/>
        <line num="15" count="5" type="stmt"/>
        <line num="16" count="5" type="cond" truecount="4" falsecount="0"/>
        <line num="17" count="1" type="stmt"/>
        <line num="19" count="4" type="stmt"/>
      </file>
      <file name="api.ts" path="/Users/victorboyadjian/Documents/dev/MSPR2/healthai-app/src/services/api.ts">
        <metrics statements="40" coveredstatements="34" conditionals="24" coveredconditionals="18" methods="11" coveredmethods="6"/>
        <line num="11" count="10" type="stmt"/>
        <line num="14" count="12" type="stmt"/>
        <line num="18" count="2" type="stmt"/>
        <line num="26" count="3" type="stmt"/>
        <line num="27" count="3" type="stmt"/>
        <line num="34" count="6" type="stmt"/>
        <line num="39" count="6" type="cond" truecount="2" falsecount="0"/>
        <line num="40" count="1" type="stmt"/>
        <line num="43" count="6" type="stmt"/>
        <line num="44" count="6" type="stmt"/>
        <line num="46" count="6" type="stmt"/>
        <line num="47" count="6" type="stmt"/>
        <line num="54" count="5" type="cond" truecount="2" falsecount="0"/>
        <line num="55" count="1" type="stmt"/>
        <line num="56" count="1" type="stmt"/>
        <line num="59" count="4" type="cond" truecount="2" falsecount="0"/>
        <line num="60" count="3" type="stmt"/>
        <line num="62" count="2" type="cond" truecount="2" falsecount="0"/>
        <line num="63" count="1" type="cond" truecount="3" falsecount="1"/>
        <line num="64" count="0" type="stmt"/>
        <line num="66" count="1" type="stmt"/>
        <line num="68" count="6" type="stmt"/>
        <line num="73" count="1" type="cond" truecount="4" falsecount="1"/>
        <line num="74" count="1" type="stmt"/>
        <line num="75" count="1" type="cond" truecount="1" falsecount="1"/>
        <line num="77" count="0" type="cond" truecount="0" falsecount="2"/>
        <line num="78" count="0" type="stmt"/>
        <line num="81" count="10" type="stmt"/>
        <line num="113" count="80" type="stmt"/>
        <line num="115" count="0" type="stmt"/>
        <line num="118" count="0" type="stmt"/>
        <line num="120" count="0" type="stmt"/>
        <line num="124" count="10" type="stmt"/>
        <line num="125" count="10" type="stmt"/>
        <line num="126" count="10" type="stmt"/>
        <line num="127" count="10" type="stmt"/>
        <line num="128" count="10" type="stmt"/>
        <line num="129" count="10" type="stmt"/>
        <line num="130" count="10" type="stmt"/>
        <line num="131" count="10" type="stmt"/>
      </file>
      <file name="authService.ts" path="/Users/victorboyadjian/Documents/dev/MSPR2/healthai-app/src/services/authService.ts">
        <metrics statements="6" coveredstatements="6" conditionals="0" coveredconditionals="0" methods="5" coveredmethods="5"/>
        <line num="11" count="1" type="stmt"/>
        <line num="13" count="1" type="stmt"/>
        <line num="16" count="1" type="stmt"/>
        <line num="18" count="1" type="stmt"/>
        <line num="20" count="1" type="stmt"/>
        <line num="22" count="1" type="stmt"/>
      </file>
      <file name="calculDishService.ts" path="/Users/victorboyadjian/Documents/dev/MSPR2/healthai-app/src/services/calculDishService.ts">
        <metrics statements="13" coveredstatements="13" conditionals="8" coveredconditionals="8" methods="1" coveredmethods="1"/>
        <line num="6" count="1" type="stmt"/>
        <line num="9" count="6" type="stmt"/>
        <line num="10" count="6" type="cond" truecount="2" falsecount="0"/>
        <line num="11" count="1" type="stmt"/>
        <line num="14" count="5" type="stmt"/>
        <line num="24" count="5" type="cond" truecount="2" falsecount="0"/>
        <line num="25" count="1" type="stmt"/>
        <line num="26" count="1" type="stmt"/>
        <line num="27" count="1" type="stmt"/>
        <line num="31" count="4" type="stmt"/>
        <line num="35" count="4" type="cond" truecount="4" falsecount="0"/>
        <line num="36" count="2" type="stmt"/>
        <line num="39" count="2" type="stmt"/>
      </file>
      <file name="dishService.ts" path="/Users/victorboyadjian/Documents/dev/MSPR2/healthai-app/src/services/dishService.ts">
        <metrics statements="9" coveredstatements="9" conditionals="0" coveredconditionals="0" methods="5" coveredmethods="5"/>
        <line num="14" count="1" type="stmt"/>
        <line num="16" count="3" type="stmt"/>
        <line num="23" count="3" type="stmt"/>
        <line num="27" count="1" type="stmt"/>
        <line num="30" count="1" type="stmt"/>
        <line num="33" count="1" type="stmt"/>
        <line num="34" count="1" type="stmt"/>
        <line num="38" count="1" type="stmt"/>
        <line num="40" count="1" type="stmt"/>
      </file>
      <file name="goalService.ts" path="/Users/victorboyadjian/Documents/dev/MSPR2/healthai-app/src/services/goalService.ts">
        <metrics statements="9" coveredstatements="9" conditionals="4" coveredconditionals="4" methods="1" coveredmethods="1"/>
        <line num="4" count="1" type="stmt"/>
        <line num="7" count="3" type="stmt"/>
        <line num="8" count="3" type="stmt"/>
        <line num="9" count="3" type="stmt"/>
        <line num="10" count="4" type="stmt"/>
        <line num="15" count="4" type="stmt"/>
        <line num="16" count="4" type="cond" truecount="4" falsecount="0"/>
        <line num="17" count="1" type="stmt"/>
        <line num="19" count="3" type="stmt"/>
      </file>
      <file name="handicapService.ts" path="/Users/victorboyadjian/Documents/dev/MSPR2/healthai-app/src/services/handicapService.ts">
        <metrics statements="9" coveredstatements="9" conditionals="4" coveredconditionals="4" methods="1" coveredmethods="1"/>
        <line num="4" count="1" type="stmt"/>
        <line num="7" count="4" type="stmt"/>
        <line num="8" count="4" type="stmt"/>
        <line num="9" count="4" type="stmt"/>
        <line num="10" count="5" type="stmt"/>
        <line num="15" count="5" type="stmt"/>
        <line num="16" count="5" type="cond" truecount="4" falsecount="0"/>
        <line num="17" count="1" type="stmt"/>
        <line num="19" count="4" type="stmt"/>
      </file>
      <file name="healthService.ts" path="/Users/victorboyadjian/Documents/dev/MSPR2/healthai-app/src/services/healthService.ts">
        <metrics statements="11" coveredstatements="11" conditionals="0" coveredconditionals="0" methods="6" coveredmethods="6"/>
        <line num="11" count="1" type="stmt"/>
        <line num="14" count="1" type="stmt"/>
        <line num="15" count="1" type="stmt"/>
        <line num="20" count="2" type="stmt"/>
        <line num="21" count="2" type="stmt"/>
        <line num="29" count="3" type="stmt"/>
        <line num="34" count="3" type="stmt"/>
        <line num="35" count="4" type="stmt"/>
        <line num="36" count="4" type="stmt"/>
        <line num="41" count="1" type="stmt"/>
        <line num="42" count="1" type="stmt"/>
      </file>
      <file name="recommendationService.ts" path="/Users/victorboyadjian/Documents/dev/MSPR2/healthai-app/src/services/recommendationService.ts">
        <metrics statements="15" coveredstatements="14" conditionals="4" coveredconditionals="3" methods="8" coveredmethods="6"/>
        <line num="10" count="6" type="stmt"/>
        <line num="11" count="6" type="stmt"/>
        <line num="12" count="6" type="stmt"/>
        <line num="13" count="6" type="stmt"/>
        <line num="14" count="6" type="stmt"/>
        <line num="24" count="6" type="cond" truecount="2" falsecount="0"/>
        <line num="25" count="2" type="stmt"/>
        <line num="27" count="4" type="stmt"/>
        <line num="29" count="6" type="stmt"/>
        <line num="33" count="1" type="stmt"/>
        <line num="35" count="2" type="stmt"/>
        <line num="38" count="1" type="stmt"/>
        <line num="41" count="1" type="stmt"/>
        <line num="44" count="0" type="stmt"/>
        <line num="51" count="2" type="stmt"/>
      </file>
      <file name="scanDishService.ts" path="/Users/victorboyadjian/Documents/dev/MSPR2/healthai-app/src/services/scanDishService.ts">
        <metrics statements="38" coveredstatements="0" conditionals="14" coveredconditionals="0" methods="3" coveredmethods="0"/>
        <line num="6" count="0" type="stmt"/>
        <line num="8" count="0" type="stmt"/>
        <line num="9" count="0" type="stmt"/>
        <line num="11" count="0" type="stmt"/>
        <line num="14" count="0" type="stmt"/>
        <line num="15" count="0" type="stmt"/>
        <line num="17" count="0" type="stmt"/>
        <line num="18" count="0" type="stmt"/>
        <line num="19" count="0" type="stmt"/>
        <line num="21" count="0" type="stmt"/>
        <line num="22" count="0" type="stmt"/>
        <line num="28" count="0" type="cond" truecount="0" falsecount="2"/>
        <line num="29" count="0" type="stmt"/>
        <line num="32" count="0" type="cond" truecount="0" falsecount="2"/>
        <line num="33" count="0" type="stmt"/>
        <line num="36" count="0" type="cond" truecount="0" falsecount="2"/>
        <line num="37" count="0" type="stmt"/>
        <line num="39" count="0" type="stmt"/>
        <line num="43" count="0" type="stmt"/>
        <line num="46" count="0" type="stmt"/>
        <line num="48" count="0" type="stmt"/>
        <line num="49" count="0" type="cond" truecount="0" falsecount="2"/>
        <line num="50" count="0" type="stmt"/>
        <line num="53" count="0" type="stmt"/>
        <line num="54" count="0" type="stmt"/>
        <line num="55" count="0" type="stmt"/>
        <line num="66" count="0" type="cond" truecount="0" falsecount="2"/>
        <line num="67" count="0" type="stmt"/>
        <line num="68" count="0" type="stmt"/>
        <line num="69" count="0" type="stmt"/>
        <line num="73" count="0" type="stmt"/>
        <line num="74" count="0" type="stmt"/>
        <line num="75" count="0" type="stmt"/>
        <line num="77" count="0" type="cond" truecount="0" falsecount="2"/>
        <line num="78" count="0" type="stmt"/>
        <line num="79" count="0" type="stmt"/>
        <line num="80" count="0" type="stmt"/>
        <line num="84" count="0" type="stmt"/>
      </file>
      <file name="sessionService.ts" path="/Users/victorboyadjian/Documents/dev/MSPR2/healthai-app/src/services/sessionService.ts">
        <metrics statements="15" coveredstatements="15" conditionals="14" coveredconditionals="10" methods="9" coveredmethods="9"/>
        <line num="7" count="2" type="stmt"/>
        <line num="13" count="1" type="stmt"/>
        <line num="19" count="3" type="stmt"/>
        <line num="20" count="3" type="cond" truecount="2" falsecount="0"/>
        <line num="22" count="3" type="stmt"/>
        <line num="28" count="3" type="stmt"/>
        <line num="37" count="4" type="stmt"/>
        <line num="42" count="4" type="cond" truecount="2" falsecount="0"/>
        <line num="47" count="2" type="stmt"/>
        <line num="48" count="2" type="cond" truecount="2" falsecount="0"/>
        <line num="53" count="1" type="stmt"/>
        <line num="54" count="1" type="stmt"/>
        <line num="63" count="1" type="stmt"/>
        <line num="73" count="1" type="stmt"/>
        <line num="79" count="1" type="stmt"/>
      </file>
      <file name="themeStorage.ts" path="/Users/victorboyadjian/Documents/dev/MSPR2/healthai-app/src/services/themeStorage.ts">
        <metrics statements="10" coveredstatements="10" conditionals="11" coveredconditionals="10" methods="3" coveredmethods="3"/>
        <line num="6" count="1" type="stmt"/>
        <line num="8" count="1" type="stmt"/>
        <line num="9" count="7" type="cond" truecount="3" falsecount="0"/>
        <line num="12" count="1" type="stmt"/>
        <line num="15" count="7" type="cond" truecount="2" falsecount="0"/>
        <line num="18" count="7" type="cond" truecount="2" falsecount="0"/>
        <line num="22" count="5" type="cond" truecount="2" falsecount="0"/>
        <line num="23" count="1" type="stmt"/>
        <line num="24" count="1" type="stmt"/>
        <line num="26" count="4" type="stmt"/>
      </file>
      <file name="tokenStorage.ts" path="/Users/victorboyadjian/Documents/dev/MSPR2/healthai-app/src/services/tokenStorage.ts">
        <metrics statements="12" coveredstatements="12" conditionals="8" coveredconditionals="7" methods="3" coveredmethods="3"/>
        <line num="6" count="1" type="stmt"/>
        <line num="8" count="1" type="stmt"/>
        <line num="10" count="3" type="cond" truecount="3" falsecount="1"/>
        <line num="11" count="2" type="stmt"/>
        <line num="15" count="2" type="cond" truecount="2" falsecount="0"/>
        <line num="16" count="1" type="stmt"/>
        <line num="17" count="1" type="stmt"/>
        <line num="19" count="1" type="stmt"/>
        <line num="23" count="2" type="cond" truecount="2" falsecount="0"/>
        <line num="24" count="1" type="stmt"/>
        <line num="25" count="1" type="stmt"/>
        <line num="27" count="1" type="stmt"/>
      </file>
      <file name="userService.ts" path="/Users/victorboyadjian/Documents/dev/MSPR2/healthai-app/src/services/userService.ts">
        <metrics statements="4" coveredstatements="4" conditionals="4" coveredconditionals="4" methods="2" coveredmethods="2"/>
        <line num="18" count="1" type="stmt"/>
        <line num="21" count="2" type="stmt"/>
        <line num="26" count="2" type="stmt"/>
        <line num="36" count="4" type="stmt"/>
      </file>
    </package>
    <package name="stores">
      <metrics statements="12" coveredstatements="4" conditionals="4" coveredconditionals="0" methods="4" coveredmethods="2"/>
      <file name="authStore.ts" path="/Users/victorboyadjian/Documents/dev/MSPR2/healthai-app/src/stores/authStore.ts">
        <metrics statements="5" coveredstatements="1" conditionals="2" coveredconditionals="0" methods="1" coveredmethods="0"/>
        <line num="20" count="1" type="stmt"/>
        <line num="23" count="0" type="stmt"/>
        <line num="24" count="0" type="cond" truecount="0" falsecount="2"/>
        <line num="25" count="0" type="stmt"/>
        <line num="27" count="0" type="stmt"/>
      </file>
      <file name="dishStore.ts" path="/Users/victorboyadjian/Documents/dev/MSPR2/healthai-app/src/stores/dishStore.ts">
        <metrics statements="1" coveredstatements="1" conditionals="0" coveredconditionals="0" methods="1" coveredmethods="1"/>
        <line num="2" count="1" type="stmt"/>
      </file>
      <file name="sessionStore.ts" path="/Users/victorboyadjian/Documents/dev/MSPR2/healthai-app/src/stores/sessionStore.ts">
        <metrics statements="1" coveredstatements="1" conditionals="0" coveredconditionals="0" methods="1" coveredmethods="1"/>
        <line num="2" count="1" type="stmt"/>
      </file>
      <file name="themeStore.ts" path="/Users/victorboyadjian/Documents/dev/MSPR2/healthai-app/src/stores/themeStore.ts">
        <metrics statements="5" coveredstatements="1" conditionals="2" coveredconditionals="0" methods="1" coveredmethods="0"/>
        <line num="16" count="1" type="stmt"/>
        <line num="19" count="0" type="stmt"/>
        <line num="20" count="0" type="cond" truecount="0" falsecount="2"/>
        <line num="21" count="0" type="stmt"/>
        <line num="23" count="0" type="stmt"/>
      </file>
    </package>
    <package name="utils">
      <metrics statements="70" coveredstatements="70" conditionals="83" coveredconditionals="78" methods="29" coveredmethods="29"/>
      <file name="calculateCalories.ts" path="/Users/victorboyadjian/Documents/dev/MSPR2/healthai-app/src/utils/calculateCalories.ts">
        <metrics statements="3" coveredstatements="3" conditionals="0" coveredconditionals="0" methods="3" coveredmethods="3"/>
        <line num="2" count="2" type="stmt"/>
        <line num="6" count="2" type="stmt"/>
        <line num="10" count="2" type="stmt"/>
      </file>
      <file name="day.ts" path="/Users/victorboyadjian/Documents/dev/MSPR2/healthai-app/src/utils/day.ts">
        <metrics statements="11" coveredstatements="11" conditionals="6" coveredconditionals="6" methods="4" coveredmethods="4"/>
        <line num="1" count="1" type="stmt"/>
        <line num="4" count="32" type="stmt"/>
        <line num="5" count="32" type="stmt"/>
        <line num="6" count="32" type="stmt"/>
        <line num="10" count="8" type="stmt"/>
        <line num="14" count="11" type="stmt"/>
        <line num="18" count="4" type="stmt"/>
        <line num="19" count="4" type="cond" truecount="2" falsecount="0"/>
        <line num="20" count="3" type="cond" truecount="2" falsecount="0"/>
        <line num="21" count="2" type="cond" truecount="2" falsecount="0"/>
        <line num="22" count="1" type="stmt"/>
      </file>
      <file name="exerciseFormat.ts" path="/Users/victorboyadjian/Documents/dev/MSPR2/healthai-app/src/utils/exerciseFormat.ts">
        <metrics statements="12" coveredstatements="12" conditionals="14" coveredconditionals="14" methods="3" coveredmethods="3"/>
        <line num="5" count="3" type="stmt"/>
        <line num="10" count="4" type="cond" truecount="2" falsecount="0"/>
        <line num="11" count="4" type="stmt"/>
        <line num="12" count="4" type="cond" truecount="4" falsecount="0"/>
        <line num="13" count="4" type="cond" truecount="2" falsecount="0"/>
        <line num="14" count="4" type="stmt"/>
        <line num="19" count="5" type="stmt"/>
        <line num="20" count="5" type="cond" truecount="2" falsecount="0"/>
        <line num="21" count="3" type="cond" truecount="2" falsecount="0"/>
        <line num="22" count="2" type="stmt"/>
        <line num="23" count="2" type="stmt"/>
        <line num="24" count="2" type="cond" truecount="2" falsecount="0"/>
      </file>
      <file name="formatDate.ts" path="/Users/victorboyadjian/Documents/dev/MSPR2/healthai-app/src/utils/formatDate.ts">
        <metrics statements="18" coveredstatements="18" conditionals="16" coveredconditionals="16" methods="6" coveredmethods="6"/>
        <line num="7" count="11" type="cond" truecount="2" falsecount="0"/>
        <line num="8" count="10" type="cond" truecount="2" falsecount="0"/>
        <line num="9" count="7" type="stmt"/>
        <line num="12" count="2" type="stmt"/>
        <line num="13" count="7" type="cond" truecount="2" falsecount="0"/>
        <line num="16" count="3" type="stmt"/>
        <line num="17" count="3" type="cond" truecount="2" falsecount="0"/>
        <line num="18" count="2" type="stmt"/>
        <line num="22" count="2" type="stmt"/>
        <line num="23" count="2" type="cond" truecount="2" falsecount="0"/>
        <line num="24" count="1" type="stmt"/>
        <line num="33" count="2" type="stmt"/>
        <line num="34" count="2" type="cond" truecount="2" falsecount="0"/>
        <line num="35" count="1" type="stmt"/>
        <line num="39" count="6" type="cond" truecount="2" falsecount="0"/>
        <line num="40" count="4" type="stmt"/>
        <line num="41" count="4" type="stmt"/>
        <line num="42" count="4" type="cond" truecount="2" falsecount="0"/>
      </file>
      <file name="nutrition.ts" path="/Users/victorboyadjian/Documents/dev/MSPR2/healthai-app/src/utils/nutrition.ts">
        <metrics statements="11" coveredstatements="11" conditionals="25" coveredconditionals="20" methods="3" coveredmethods="3"/>
        <line num="8" count="1" type="stmt"/>
        <line num="9" count="24" type="cond" truecount="2" falsecount="0"/>
        <line num="10" count="24" type="cond" truecount="2" falsecount="0"/>
        <line num="15" count="8" type="stmt"/>
        <line num="16" count="8" type="cond" truecount="2" falsecount="0"/>
        <line num="17" count="6" type="cond" truecount="2" falsecount="0"/>
        <line num="18" count="4" type="cond" truecount="2" falsecount="0"/>
        <line num="19" count="2" type="stmt"/>
        <line num="28" count="5" type="stmt"/>
        <line num="29" count="5" type="cond" truecount="4" falsecount="0"/>
        <line num="31" count="3" type="stmt"/>
      </file>
      <file name="recommendation.ts" path="/Users/victorboyadjian/Documents/dev/MSPR2/healthai-app/src/utils/recommendation.ts">
        <metrics statements="12" coveredstatements="12" conditionals="22" coveredconditionals="22" methods="7" coveredmethods="7"/>
        <line num="7" count="43" type="stmt"/>
        <line num="11" count="11" type="cond" truecount="2" falsecount="0"/>
        <line num="12" count="9" type="cond" truecount="2" falsecount="0"/>
        <line num="13" count="7" type="stmt"/>
        <line num="22" count="5" type="stmt"/>
        <line num="37" count="3" type="stmt"/>
        <line num="38" count="4" type="stmt"/>
        <line num="39" count="3" type="stmt"/>
        <line num="44" count="2" type="stmt"/>
        <line num="45" count="4" type="cond" truecount="2" falsecount="0"/>
        <line num="46" count="4" type="cond" truecount="2" falsecount="0"/>
        <line num="47" count="4" type="stmt"/>
      </file>
      <file name="validators.ts" path="/Users/victorboyadjian/Documents/dev/MSPR2/healthai-app/src/utils/validators.ts">
        <metrics statements="3" coveredstatements="3" conditionals="0" coveredconditionals="0" methods="3" coveredmethods="3"/>
        <line num="2" count="8" type="stmt"/>
        <line num="6" count="5" type="stmt"/>
        <line num="10" count="4" type="stmt"/>
      </file>
    </package>
  </project>
</coverage>
