{"/Users/victorboyadjian/Documents/dev/MSPR2/healthai-app/src/constants/config.ts": {"path":"/Users/victorboyadjian/Documents/dev/MSPR2/healthai-app/src/constants/config.ts","statementMap":{"0":{"start":{"line":1,"column":22},"end":{"line":9,"column":10}}},"fnMap":{},"branchMap":{"0":{"loc":{"start":{"line":2,"column":19},"end":{"line":2,"column":71}},"type":"binary-expr","locations":[{"start":{"line":2,"column":19},"end":{"line":2,"column":58}},{"start":{"line":2,"column":62},"end":{"line":2,"column":71}}],"line":2},"1":{"loc":{"start":{"line":4,"column":4},"end":{"line":4,"column":88}},"type":"binary-expr","locations":[{"start":{"line":4,"column":4},"end":{"line":4,"column":35}},{"start":{"line":4,"column":39},"end":{"line":4,"column":88}}],"line":4},"2":{"loc":{"start":{"line":7,"column":17},"end":{"line":7,"column":109}},"type":"binary-expr","locations":[{"start":{"line":7,"column":17},"end":{"line":7,"column":54}},{"start":{"line":7,"column":58},"end":{"line":7,"column":109}}],"line":7},"3":{"loc":{"start":{"line":8,"column":16},"end":{"line":8,"column":99}},"type":"binary-expr","locations":[{"start":{"line":8,"column":16},"end":{"line":8,"column":52}},{"start":{"line":8,"column":56},"end":{"line":8,"column":99}}],"line":8}},"s":{"0":11},"f":{},"b":{"0":[11,0],"1":[11,0],"2":[11,0],"3":[11,0]},"_coverageSchema":"1a1c01bbd47fc00a2c39e90264f33305004495a9","hash":"4a16a536fb1afd5a61d0981c476dfaea31123336"}
,"/Users/victorboyadjian/Documents/dev/MSPR2/healthai-app/src/constants/meals.ts": {"path":"/Users/victorboyadjian/Documents/dev/MSPR2/healthai-app/src/constants/meals.ts","statementMap":{"0":{"start":{"line":3,"column":43},"end":{"line":3,"column":84}},"1":{"start":{"line":5,"column":53},"end":{"line":10,"column":1}}},"fnMap":{},"branchMap":{},"s":{"0":0,"1":0},"f":{},"b":{}}
,"/Users/victorboyadjian/Documents/dev/MSPR2/healthai-app/src/constants/routes.ts": {"path":"/Users/victorboyadjian/Documents/dev/MSPR2/healthai-app/src/constants/routes.ts","statementMap":{"0":{"start":{"line":1,"column":22},"end":{"line":14,"column":10}}},"fnMap":{},"branchMap":{},"s":{"0":0},"f":{},"b":{}}
,"/Users/victorboyadjian/Documents/dev/MSPR2/healthai-app/src/constants/theme/colors.ts": {"path":"/Users/victorboyadjian/Documents/dev/MSPR2/healthai-app/src/constants/theme/colors.ts","statementMap":{"0":{"start":{"line":11,"column":21},"end":{"line":18,"column":10}},"1":{"start":{"line":20,"column":22},"end":{"line":80,"column":10}}},"fnMap":{},"branchMap":{},"s":{"0":4,"1":4},"f":{},"b":{},"_coverageSchema":"1a1c01bbd47fc00a2c39e90264f33305004495a9","hash":"05c47fcb214830499d40ba2d47017b2684f018e7"}
,"/Users/victorboyadjian/Documents/dev/MSPR2/healthai-app/src/constants/theme/fonts.ts": {"path":"/Users/victorboyadjian/Documents/dev/MSPR2/healthai-app/src/constants/theme/fonts.ts","statementMap":{"0":{"start":{"line":3,"column":21},"end":{"line":26,"column":2}}},"fnMap":{},"branchMap":{},"s":{"0":0},"f":{},"b":{}}
,"/Users/victorboyadjian/Documents/dev/MSPR2/healthai-app/src/constants/theme/layout.ts": {"path":"/Users/victorboyadjian/Documents/dev/MSPR2/healthai-app/src/constants/theme/layout.ts","statementMap":{"0":{"start":{"line":3,"column":23},"end":{"line":11,"column":10}},"1":{"start":{"line":13,"column":30},"end":{"line":13,"column":77}},"2":{"start":{"line":14,"column":31},"end":{"line":14,"column":34}}},"fnMap":{},"branchMap":{"0":{"loc":{"start":{"line":13,"column":30},"end":{"line":13,"column":77}},"type":"binary-expr","locations":[{"start":{"line":13,"column":30},"end":{"line":13,"column":71}},{"start":{"line":13,"column":75},"end":{"line":13,"column":77}}],"line":13}},"s":{"0":1,"1":1,"2":1},"f":{},"b":{"0":[1,0]},"_coverageSchema":"1a1c01bbd47fc00a2c39e90264f33305004495a9","hash":"47bc6fec38018a78557abfe66123eeca6136a46f"}
,"/Users/victorboyadjian/Documents/dev/MSPR2/healthai-app/src/services/allergyService.ts": {"path":"/Users/victorboyadjian/Documents/dev/MSPR2/healthai-app/src/services/allergyService.ts","statementMap":{"0":{"start":{"line":4,"column":30},"end":{"line":21,"column":1}},"1":{"start":{"line":7,"column":27},"end":{"line":7,"column":29}},"2":{"start":{"line":8,"column":15},"end":{"line":8,"column":16}},"3":{"start":{"line":9,"column":4},"end":{"line":18,"column":5}},"4":{"start":{"line":10,"column":18},"end":{"line":14,"column":8}},"5":{"start":{"line":15,"column":6},"end":{"line":15,"column":28}},"6":{"start":{"line":16,"column":6},"end":{"line":16,"column":57}},"7":{"start":{"line":16,"column":51},"end":{"line":16,"column":57}},"8":{"start":{"line":17,"column":6},"end":{"line":17,"column":16}},"9":{"start":{"line":19,"column":4},"end":{"line":19,"column":15}}},"fnMap":{"0":{"name":"(anonymous_0)","decl":{"start":{"line":6,"column":8},"end":{"line":6,"column":9}},"loc":{"start":{"line":6,"column":40},"end":{"line":20,"column":3}},"line":6}},"branchMap":{"0":{"loc":{"start":{"line":16,"column":6},"end":{"line":16,"column":57}},"type":"if","locations":[{"start":{"line":16,"column":6},"end":{"line":16,"column":57}},{"start":{},"end":{}}],"line":16},"1":{"loc":{"start":{"line":16,"column":10},"end":{"line":16,"column":49}},"type":"binary-expr","locations":[{"start":{"line":16,"column":10},"end":{"line":16,"column":24}},{"start":{"line":16,"column":28},"end":{"line":16,"column":49}}],"line":16}},"s":{"0":1,"1":4,"2":4,"3":4,"4":5,"5":5,"6":5,"7":4,"8":1,"9":4},"f":{"0":4},"b":{"0":[4,1],"1":[5,5]},"_coverageSchema":"1a1c01bbd47fc00a2c39e90264f33305004495a9","hash":"227659158913a0d6b457b90f5748dd304b4cef2d"}
,"/Users/victorboyadjian/Documents/dev/MSPR2/healthai-app/src/services/api.ts": {"path":"/Users/victorboyadjian/Documents/dev/MSPR2/healthai-app/src/services/api.ts","statementMap":{"0":{"start":{"line":11,"column":31},"end":{"line":11,"column":35}},"1":{"start":{"line":14,"column":2},"end":{"line":14,"column":20}},"2":{"start":{"line":18,"column":2},"end":{"line":18,"column":19}},"3":{"start":{"line":26,"column":4},"end":{"line":26,"column":19}},"4":{"start":{"line":27,"column":4},"end":{"line":27,"column":27}},"5":{"start":{"line":34,"column":42},"end":{"line":37,"column":3}},"6":{"start":{"line":39,"column":2},"end":{"line":41,"column":3}},"7":{"start":{"line":40,"column":4},"end":{"line":40,"column":50}},"8":{"start":{"line":43,"column":21},"end":{"line":43,"column":42}},"9":{"start":{"line":44,"column":18},"end":{"line":44,"column":77}},"10":{"start":{"line":44,"column":35},"end":{"line":44,"column":53}},"11":{"start":{"line":46,"column":2},"end":{"line":69,"column":3}},"12":{"start":{"line":47,"column":21},"end":{"line":52,"column":6}},"13":{"start":{"line":54,"column":4},"end":{"line":57,"column":5}},"14":{"start":{"line":55,"column":22},"end":{"line":55,"column":61}},"15":{"start":{"line":55,"column":56},"end":{"line":55,"column":60}},"16":{"start":{"line":56,"column":6},"end":{"line":56,"column":88}},"17":{"start":{"line":59,"column":4},"end":{"line":59,"column":55}},"18":{"start":{"line":59,"column":33},"end":{"line":59,"column":55}},"19":{"start":{"line":60,"column":4},"end":{"line":60,"column":40}},"20":{"start":{"line":62,"column":4},"end":{"line":62,"column":47}},"21":{"start":{"line":62,"column":35},"end":{"line":62,"column":47}},"22":{"start":{"line":63,"column":4},"end":{"line":65,"column":5}},"23":{"start":{"line":64,"column":6},"end":{"line":64,"column":52}},"24":{"start":{"line":66,"column":4},"end":{"line":66,"column":72}},"25":{"start":{"line":68,"column":4},"end":{"line":68,"column":26}},"26":{"start":{"line":73,"column":2},"end":{"line":76,"column":3}},"27":{"start":{"line":74,"column":20},"end":{"line":74,"column":61}},"28":{"start":{"line":75,"column":4},"end":{"line":75,"column":52}},"29":{"start":{"line":75,"column":37},"end":{"line":75,"column":52}},"30":{"start":{"line":77,"column":2},"end":{"line":77,"column":50}},"31":{"start":{"line":77,"column":35},"end":{"line":77,"column":50}},"32":{"start":{"line":78,"column":2},"end":{"line":78,"column":18}},"33":{"start":{"line":81,"column":27},"end":{"line":81,"column":34}},"34":{"start":{"line":113,"column":2},"end":{"line":121,"column":4}},"35":{"start":{"line":115,"column":6},"end":{"line":115,"column":77}},"36":{"start":{"line":118,"column":6},"end":{"line":118,"column":79}},"37":{"start":{"line":120,"column":31},"end":{"line":120,"column":89}},"38":{"start":{"line":124,"column":22},"end":{"line":124,"column":47}},"39":{"start":{"line":125,"column":32},"end":{"line":125,"column":79}},"40":{"start":{"line":126,"column":31},"end":{"line":126,"column":76}},"41":{"start":{"line":127,"column":23},"end":{"line":127,"column":51}},"42":{"start":{"line":128,"column":21},"end":{"line":128,"column":45}},"43":{"start":{"line":129,"column":21},"end":{"line":129,"column":45}},"44":{"start":{"line":130,"column":25},"end":{"line":130,"column":56}},"45":{"start":{"line":131,"column":25},"end":{"line":131,"column":57}}},"fnMap":{"0":{"name":"setToken","decl":{"start":{"line":13,"column":16},"end":{"line":13,"column":24}},"loc":{"start":{"line":13,"column":47},"end":{"line":15,"column":1}},"line":13},"1":{"name":"getToken","decl":{"start":{"line":17,"column":16},"end":{"line":17,"column":24}},"loc":{"start":{"line":17,"column":27},"end":{"line":19,"column":1}},"line":17},"2":{"name":"(anonymous_2)","decl":{"start":{"line":22,"column":2},"end":{"line":22,"column":3}},"loc":{"start":{"line":25,"column":4},"end":{"line":28,"column":3}},"line":25},"3":{"name":"request","decl":{"start":{"line":33,"column":15},"end":{"line":33,"column":22}},"loc":{"start":{"line":33,"column":88},"end":{"line":70,"column":1}},"line":33},"4":{"name":"(anonymous_4)","decl":{"start":{"line":44,"column":29},"end":{"line":44,"column":30}},"loc":{"start":{"line":44,"column":35},"end":{"line":44,"column":53}},"line":44},"5":{"name":"(anonymous_5)","decl":{"start":{"line":55,"column":50},"end":{"line":55,"column":51}},"loc":{"start":{"line":55,"column":56},"end":{"line":55,"column":60}},"line":55},"6":{"name":"extractMessage","decl":{"start":{"line":72,"column":9},"end":{"line":72,"column":23}},"loc":{"start":{"line":72,"column":68},"end":{"line":79,"column":1}},"line":72},"7":{"name":"resource","decl":{"start":{"line":112,"column":9},"end":{"line":112,"column":17}},"loc":{"start":{"line":112,"column":35},"end":{"line":122,"column":1}},"line":112},"8":{"name":"(anonymous_8)","decl":{"start":{"line":114,"column":12},"end":{"line":114,"column":13}},"loc":{"start":{"line":115,"column":6},"end":{"line":115,"column":77}},"line":115},"9":{"name":"(anonymous_9)","decl":{"start":{"line":117,"column":12},"end":{"line":117,"column":13}},"loc":{"start":{"line":118,"column":6},"end":{"line":118,"column":79}},"line":118},"10":{"name":"(anonymous_10)","decl":{"start":{"line":120,"column":12},"end":{"line":120,"column":13}},"loc":{"start":{"line":120,"column":31},"end":{"line":120,"column":89}},"line":120}},"branchMap":{"0":{"loc":{"start":{"line":39,"column":2},"end":{"line":41,"column":3}},"type":"if","locations":[{"start":{"line":39,"column":2},"end":{"line":41,"column":3}},{"start":{},"end":{}}],"line":39},"1":{"loc":{"start":{"line":50,"column":12},"end":{"line":50,"column":65}},"type":"cond-expr","locations":[{"start":{"line":50,"column":33},"end":{"line":50,"column":53}},{"start":{"line":50,"column":56},"end":{"line":50,"column":65}}],"line":50},"2":{"loc":{"start":{"line":54,"column":4},"end":{"line":57,"column":5}},"type":"if","locations":[{"start":{"line":54,"column":4},"end":{"line":57,"column":5}},{"start":{},"end":{}}],"line":54},"3":{"loc":{"start":{"line":59,"column":4},"end":{"line":59,"column":55}},"type":"if","locations":[{"start":{"line":59,"column":4},"end":{"line":59,"column":55}},{"start":{},"end":{}}],"line":59},"4":{"loc":{"start":{"line":62,"column":4},"end":{"line":62,"column":47}},"type":"if","locations":[{"start":{"line":62,"column":4},"end":{"line":62,"column":47}},{"start":{},"end":{}}],"line":62},"5":{"loc":{"start":{"line":63,"column":4},"end":{"line":65,"column":5}},"type":"if","locations":[{"start":{"line":63,"column":4},"end":{"line":65,"column":5}},{"start":{},"end":{}}],"line":63},"6":{"loc":{"start":{"line":63,"column":8},"end":{"line":63,"column":61}},"type":"binary-expr","locations":[{"start":{"line":63,"column":8},"end":{"line":63,"column":30}},{"start":{"line":63,"column":34},"end":{"line":63,"column":61}}],"line":63},"7":{"loc":{"start":{"line":73,"column":2},"end":{"line":76,"column":3}},"type":"if","locations":[{"start":{"line":73,"column":2},"end":{"line":76,"column":3}},{"start":{},"end":{}}],"line":73},"8":{"loc":{"start":{"line":73,"column":6},"end":{"line":73,"column":68}},"type":"binary-expr","locations":[{"start":{"line":73,"column":6},"end":{"line":73,"column":13}},{"start":{"line":73,"column":17},"end":{"line":73,"column":44}},{"start":{"line":73,"column":48},"end":{"line":73,"column":68}}],"line":73},"9":{"loc":{"start":{"line":75,"column":4},"end":{"line":75,"column":52}},"type":"if","locations":[{"start":{"line":75,"column":4},"end":{"line":75,"column":52}},{"start":{},"end":{}}],"line":75},"10":{"loc":{"start":{"line":77,"column":2},"end":{"line":77,"column":50}},"type":"if","locations":[{"start":{"line":77,"column":2},"end":{"line":77,"column":50}},{"start":{},"end":{}}],"line":77},"11":{"loc":{"start":{"line":114,"column":13},"end":{"line":114,"column":36}},"type":"default-arg","locations":[{"start":{"line":114,"column":34},"end":{"line":114,"column":36}}],"line":114}},"s":{"0":10,"1":12,"2":2,"3":3,"4":3,"5":6,"6":6,"7":1,"8":6,"9":6,"10":0,"11":6,"12":6,"13":5,"14":1,"15":0,"16":1,"17":4,"18":1,"19":3,"20":2,"21":1,"22":1,"23":0,"24":1,"25":6,"26":1,"27":1,"28":1,"29":1,"30":0,"31":0,"32":0,"33":10,"34":80,"35":0,"36":0,"37":0,"38":10,"39":10,"40":10,"41":10,"42":10,"43":10,"44":10,"45":10},"f":{"0":12,"1":2,"2":3,"3":6,"4":0,"5":0,"6":1,"7":80,"8":0,"9":0,"10":0},"b":{"0":[1,5],"1":[2,4],"2":[1,4],"3":[1,3],"4":[1,1],"5":[0,1],"6":[1,1],"7":[1,0],"8":[1,1,1],"9":[1,0],"10":[0,0],"11":[0]},"_coverageSchema":"1a1c01bbd47fc00a2c39e90264f33305004495a9","hash":"b1af6cb727a73e3d9cec85aaec5841cee51d2322"}
,"/Users/victorboyadjian/Documents/dev/MSPR2/healthai-app/src/services/authService.ts": {"path":"/Users/victorboyadjian/Documents/dev/MSPR2/healthai-app/src/services/authService.ts","statementMap":{"0":{"start":{"line":11,"column":27},"end":{"line":23,"column":1}},"1":{"start":{"line":13,"column":4},"end":{"line":13,"column":80}},"2":{"start":{"line":16,"column":4},"end":{"line":16,"column":63}},"3":{"start":{"line":18,"column":16},"end":{"line":18,"column":67}},"4":{"start":{"line":20,"column":12},"end":{"line":20,"column":43}},"5":{"start":{"line":22,"column":23},"end":{"line":22,"column":72}}},"fnMap":{"0":{"name":"(anonymous_0)","decl":{"start":{"line":12,"column":9},"end":{"line":12,"column":10}},"loc":{"start":{"line":13,"column":4},"end":{"line":13,"column":80}},"line":13},"1":{"name":"(anonymous_1)","decl":{"start":{"line":15,"column":12},"end":{"line":15,"column":13}},"loc":{"start":{"line":16,"column":4},"end":{"line":16,"column":63}},"line":16},"2":{"name":"(anonymous_2)","decl":{"start":{"line":18,"column":10},"end":{"line":18,"column":11}},"loc":{"start":{"line":18,"column":16},"end":{"line":18,"column":67}},"line":18},"3":{"name":"(anonymous_3)","decl":{"start":{"line":20,"column":6},"end":{"line":20,"column":7}},"loc":{"start":{"line":20,"column":12},"end":{"line":20,"column":43}},"line":20},"4":{"name":"(anonymous_4)","decl":{"start":{"line":22,"column":17},"end":{"line":22,"column":18}},"loc":{"start":{"line":22,"column":23},"end":{"line":22,"column":72}},"line":22}},"branchMap":{},"s":{"0":1,"1":1,"2":1,"3":1,"4":1,"5":1},"f":{"0":1,"1":1,"2":1,"3":1,"4":1},"b":{},"_coverageSchema":"1a1c01bbd47fc00a2c39e90264f33305004495a9","hash":"b13e861a7a7dc8d9b2134edb6e5511887d56fffd"}
,"/Users/victorboyadjian/Documents/dev/MSPR2/healthai-app/src/services/calculDishService.ts": {"path":"/Users/victorboyadjian/Documents/dev/MSPR2/healthai-app/src/services/calculDishService.ts","statementMap":{"0":{"start":{"line":6,"column":33},"end":{"line":42,"column":1}},"1":{"start":{"line":9,"column":18},"end":{"line":9,"column":28}},"2":{"start":{"line":10,"column":4},"end":{"line":12,"column":5}},"3":{"start":{"line":11,"column":6},"end":{"line":11,"column":72}},"4":{"start":{"line":14,"column":21},"end":{"line":22,"column":6}},"5":{"start":{"line":24,"column":4},"end":{"line":30,"column":5}},"6":{"start":{"line":25,"column":8},"end":{"line":25,"column":39}},"7":{"start":{"line":26,"column":8},"end":{"line":26,"column":29}},"8":{"start":{"line":27,"column":6},"end":{"line":29,"column":8}},"9":{"start":{"line":31,"column":25},"end":{"line":31,"column":73}},"10":{"start":{"line":35,"column":4},"end":{"line":37,"column":5}},"11":{"start":{"line":36,"column":6},"end":{"line":36,"column":70}},"12":{"start":{"line":39,"column":4},"end":{"line":39,"column":24}}},"fnMap":{"0":{"name":"(anonymous_0)","decl":{"start":{"line":8,"column":13},"end":{"line":8,"column":14}},"loc":{"start":{"line":8,"column":76},"end":{"line":40,"column":3}},"line":8}},"branchMap":{"0":{"loc":{"start":{"line":10,"column":4},"end":{"line":12,"column":5}},"type":"if","locations":[{"start":{"line":10,"column":4},"end":{"line":12,"column":5}},{"start":{},"end":{}}],"line":10},"1":{"loc":{"start":{"line":24,"column":4},"end":{"line":30,"column":5}},"type":"if","locations":[{"start":{"line":24,"column":4},"end":{"line":30,"column":5}},{"start":{},"end":{}}],"line":24},"2":{"loc":{"start":{"line":35,"column":4},"end":{"line":37,"column":5}},"type":"if","locations":[{"start":{"line":35,"column":4},"end":{"line":37,"column":5}},{"start":{},"end":{}}],"line":35},"3":{"loc":{"start":{"line":35,"column":8},"end":{"line":35,"column":53}},"type":"binary-expr","locations":[{"start":{"line":35,"column":8},"end":{"line":35,"column":31}},{"start":{"line":35,"column":35},"end":{"line":35,"column":53}}],"line":35}},"s":{"0":1,"1":6,"2":6,"3":1,"4":5,"5":5,"6":1,"7":1,"8":1,"9":4,"10":4,"11":2,"12":2},"f":{"0":6},"b":{"0":[1,5],"1":[1,4],"2":[2,2],"3":[4,3]},"_coverageSchema":"1a1c01bbd47fc00a2c39e90264f33305004495a9","hash":"52e8bdbffa49e523551ea49ae545d82358970d24"}
,"/Users/victorboyadjian/Documents/dev/MSPR2/healthai-app/src/services/dishService.ts": {"path":"/Users/victorboyadjian/Documents/dev/MSPR2/healthai-app/src/services/dishService.ts","statementMap":{"0":{"start":{"line":14,"column":27},"end":{"line":41,"column":1}},"1":{"start":{"line":16,"column":21},"end":{"line":22,"column":6}},"2":{"start":{"line":23,"column":4},"end":{"line":23,"column":25}},"3":{"start":{"line":27,"column":4},"end":{"line":27,"column":63}},"4":{"start":{"line":30,"column":21},"end":{"line":32,"column":8}},"5":{"start":{"line":33,"column":4},"end":{"line":33,"column":63}},"6":{"start":{"line":34,"column":4},"end":{"line":34,"column":28}},"7":{"start":{"line":38,"column":4},"end":{"line":38,"column":72}},"8":{"start":{"line":40,"column":26},"end":{"line":40,"column":45}}},"fnMap":{"0":{"name":"(anonymous_0)","decl":{"start":{"line":15,"column":8},"end":{"line":15,"column":9}},"loc":{"start":{"line":15,"column":51},"end":{"line":24,"column":3}},"line":15},"1":{"name":"(anonymous_1)","decl":{"start":{"line":26,"column":10},"end":{"line":26,"column":11}},"loc":{"start":{"line":27,"column":4},"end":{"line":27,"column":63}},"line":27},"2":{"name":"(anonymous_2)","decl":{"start":{"line":29,"column":11},"end":{"line":29,"column":12}},"loc":{"start":{"line":29,"column":48},"end":{"line":35,"column":3}},"line":29},"3":{"name":"(anonymous_3)","decl":{"start":{"line":37,"column":10},"end":{"line":37,"column":11}},"loc":{"start":{"line":38,"column":4},"end":{"line":38,"column":72}},"line":38},"4":{"name":"(anonymous_4)","decl":{"start":{"line":40,"column":10},"end":{"line":40,"column":11}},"loc":{"start":{"line":40,"column":26},"end":{"line":40,"column":45}},"line":40}},"branchMap":{},"s":{"0":1,"1":3,"2":3,"3":1,"4":1,"5":1,"6":1,"7":1,"8":1},"f":{"0":3,"1":1,"2":1,"3":1,"4":1},"b":{},"_coverageSchema":"1a1c01bbd47fc00a2c39e90264f33305004495a9","hash":"e1f94a62c49b964cfcf2f30c2cb8aaf69cb70e8c"}
,"/Users/victorboyadjian/Documents/dev/MSPR2/healthai-app/src/services/goalService.ts": {"path":"/Users/victorboyadjian/Documents/dev/MSPR2/healthai-app/src/services/goalService.ts","statementMap":{"0":{"start":{"line":4,"column":27},"end":{"line":21,"column":1}},"1":{"start":{"line":7,"column":24},"end":{"line":7,"column":26}},"2":{"start":{"line":8,"column":15},"end":{"line":8,"column":16}},"3":{"start":{"line":9,"column":4},"end":{"line":18,"column":5}},"4":{"start":{"line":10,"column":18},"end":{"line":14,"column":8}},"5":{"start":{"line":15,"column":6},"end":{"line":15,"column":28}},"6":{"start":{"line":16,"column":6},"end":{"line":16,"column":57}},"7":{"start":{"line":16,"column":51},"end":{"line":16,"column":57}},"8":{"start":{"line":17,"column":6},"end":{"line":17,"column":16}},"9":{"start":{"line":19,"column":4},"end":{"line":19,"column":15}}},"fnMap":{"0":{"name":"(anonymous_0)","decl":{"start":{"line":6,"column":8},"end":{"line":6,"column":9}},"loc":{"start":{"line":6,"column":37},"end":{"line":20,"column":3}},"line":6}},"branchMap":{"0":{"loc":{"start":{"line":16,"column":6},"end":{"line":16,"column":57}},"type":"if","locations":[{"start":{"line":16,"column":6},"end":{"line":16,"column":57}},{"start":{},"end":{}}],"line":16},"1":{"loc":{"start":{"line":16,"column":10},"end":{"line":16,"column":49}},"type":"binary-expr","locations":[{"start":{"line":16,"column":10},"end":{"line":16,"column":24}},{"start":{"line":16,"column":28},"end":{"line":16,"column":49}}],"line":16}},"s":{"0":1,"1":3,"2":3,"3":3,"4":4,"5":4,"6":4,"7":3,"8":1,"9":3},"f":{"0":3},"b":{"0":[3,1],"1":[4,4]},"_coverageSchema":"1a1c01bbd47fc00a2c39e90264f33305004495a9","hash":"727ef1e10a8b422d0479017e6d0f416e3d528554"}
,"/Users/victorboyadjian/Documents/dev/MSPR2/healthai-app/src/services/handicapService.ts": {"path":"/Users/victorboyadjian/Documents/dev/MSPR2/healthai-app/src/services/handicapService.ts","statementMap":{"0":{"start":{"line":4,"column":31},"end":{"line":21,"column":1}},"1":{"start":{"line":7,"column":28},"end":{"line":7,"column":30}},"2":{"start":{"line":8,"column":15},"end":{"line":8,"column":16}},"3":{"start":{"line":9,"column":4},"end":{"line":18,"column":5}},"4":{"start":{"line":10,"column":18},"end":{"line":14,"column":8}},"5":{"start":{"line":15,"column":6},"end":{"line":15,"column":28}},"6":{"start":{"line":16,"column":6},"end":{"line":16,"column":57}},"7":{"start":{"line":16,"column":51},"end":{"line":16,"column":57}},"8":{"start":{"line":17,"column":6},"end":{"line":17,"column":16}},"9":{"start":{"line":19,"column":4},"end":{"line":19,"column":15}}},"fnMap":{"0":{"name":"(anonymous_0)","decl":{"start":{"line":6,"column":8},"end":{"line":6,"column":9}},"loc":{"start":{"line":6,"column":41},"end":{"line":20,"column":3}},"line":6}},"branchMap":{"0":{"loc":{"start":{"line":16,"column":6},"end":{"line":16,"column":57}},"type":"if","locations":[{"start":{"line":16,"column":6},"end":{"line":16,"column":57}},{"start":{},"end":{}}],"line":16},"1":{"loc":{"start":{"line":16,"column":10},"end":{"line":16,"column":49}},"type":"binary-expr","locations":[{"start":{"line":16,"column":10},"end":{"line":16,"column":24}},{"start":{"line":16,"column":28},"end":{"line":16,"column":49}}],"line":16}},"s":{"0":1,"1":4,"2":4,"3":4,"4":5,"5":5,"6":5,"7":4,"8":1,"9":4},"f":{"0":4},"b":{"0":[4,1],"1":[5,5]},"_coverageSchema":"1a1c01bbd47fc00a2c39e90264f33305004495a9","hash":"b70462911db5cfabda8e7dff6ed164454147580d"}
,"/Users/victorboyadjian/Documents/dev/MSPR2/healthai-app/src/services/healthService.ts": {"path":"/Users/victorboyadjian/Documents/dev/MSPR2/healthai-app/src/services/healthService.ts","statementMap":{"0":{"start":{"line":11,"column":29},"end":{"line":44,"column":1}},"1":{"start":{"line":14,"column":16},"end":{"line":14,"column":84}},"2":{"start":{"line":15,"column":4},"end":{"line":15,"column":20}},"3":{"start":{"line":20,"column":16},"end":{"line":20,"column":88}},"4":{"start":{"line":21,"column":4},"end":{"line":21,"column":20}},"5":{"start":{"line":29,"column":16},"end":{"line":33,"column":6}},"6":{"start":{"line":34,"column":4},"end":{"line":36,"column":48}},"7":{"start":{"line":35,"column":19},"end":{"line":35,"column":92}},"8":{"start":{"line":36,"column":21},"end":{"line":36,"column":46}},"9":{"start":{"line":41,"column":16},"end":{"line":41,"column":82}},"10":{"start":{"line":42,"column":4},"end":{"line":42,"column":20}}},"fnMap":{"0":{"name":"(anonymous_0)","decl":{"start":{"line":13,"column":17},"end":{"line":13,"column":18}},"loc":{"start":{"line":13,"column":50},"end":{"line":16,"column":3}},"line":13},"1":{"name":"(anonymous_1)","decl":{"start":{"line":19,"column":20},"end":{"line":19,"column":21}},"loc":{"start":{"line":19,"column":56},"end":{"line":22,"column":3}},"line":19},"2":{"name":"(anonymous_2)","decl":{"start":{"line":28,"column":20},"end":{"line":28,"column":21}},"loc":{"start":{"line":28,"column":70},"end":{"line":37,"column":3}},"line":28},"3":{"name":"(anonymous_3)","decl":{"start":{"line":35,"column":11},"end":{"line":35,"column":12}},"loc":{"start":{"line":35,"column":19},"end":{"line":35,"column":92}},"line":35},"4":{"name":"(anonymous_4)","decl":{"start":{"line":36,"column":14},"end":{"line":36,"column":15}},"loc":{"start":{"line":36,"column":21},"end":{"line":36,"column":46}},"line":36},"5":{"name":"(anonymous_5)","decl":{"start":{"line":40,"column":14},"end":{"line":40,"column":15}},"loc":{"start":{"line":40,"column":63},"end":{"line":43,"column":3}},"line":40}},"branchMap":{},"s":{"0":1,"1":1,"2":1,"3":2,"4":2,"5":3,"6":3,"7":4,"8":4,"9":1,"10":1},"f":{"0":1,"1":2,"2":3,"3":4,"4":4,"5":1},"b":{},"_coverageSchema":"1a1c01bbd47fc00a2c39e90264f33305004495a9","hash":"4e4fa28094e1aec8e4d1d4c935c01298a9bf92bf"}
,"/Users/victorboyadjian/Documents/dev/MSPR2/healthai-app/src/services/recommendationService.ts": {"path":"/Users/victorboyadjian/Documents/dev/MSPR2/healthai-app/src/services/recommendationService.ts","statementMap":{"0":{"start":{"line":10,"column":21},"end":{"line":10,"column":42}},"1":{"start":{"line":11,"column":18},"end":{"line":11,"column":77}},"2":{"start":{"line":11,"column":35},"end":{"line":11,"column":53}},"3":{"start":{"line":12,"column":16},"end":{"line":12,"column":26}},"4":{"start":{"line":13,"column":2},"end":{"line":30,"column":3}},"5":{"start":{"line":14,"column":21},"end":{"line":23,"column":6}},"6":{"start":{"line":24,"column":4},"end":{"line":26,"column":5}},"7":{"start":{"line":25,"column":6},"end":{"line":25,"column":53}},"8":{"start":{"line":27,"column":4},"end":{"line":27,"column":40}},"9":{"start":{"line":29,"column":4},"end":{"line":29,"column":26}},"10":{"start":{"line":33,"column":37},"end":{"line":52,"column":1}},"11":{"start":{"line":35,"column":40},"end":{"line":35,"column":86}},"12":{"start":{"line":38,"column":38},"end":{"line":38,"column":92}},"13":{"start":{"line":41,"column":32},"end":{"line":41,"column":80}},"14":{"start":{"line":44,"column":42},"end":{"line":44,"column":100}},"15":{"start":{"line":51,"column":4},"end":{"line":51,"column":69}},"16":{"start":{"line":51,"column":59},"end":{"line":51,"column":68}}},"fnMap":{"0":{"name":"recoPost","decl":{"start":{"line":9,"column":15},"end":{"line":9,"column":23}},"loc":{"start":{"line":9,"column":68},"end":{"line":31,"column":1}},"line":9},"1":{"name":"(anonymous_1)","decl":{"start":{"line":11,"column":29},"end":{"line":11,"column":30}},"loc":{"start":{"line":11,"column":35},"end":{"line":11,"column":53}},"line":11},"2":{"name":"(anonymous_2)","decl":{"start":{"line":35,"column":13},"end":{"line":35,"column":14}},"loc":{"start":{"line":35,"column":40},"end":{"line":35,"column":86}},"line":35},"3":{"name":"(anonymous_3)","decl":{"start":{"line":38,"column":12},"end":{"line":38,"column":13}},"loc":{"start":{"line":38,"column":38},"end":{"line":38,"column":92}},"line":38},"4":{"name":"(anonymous_4)","decl":{"start":{"line":41,"column":9},"end":{"line":41,"column":10}},"loc":{"start":{"line":41,"column":32},"end":{"line":41,"column":80}},"line":41},"5":{"name":"(anonymous_5)","decl":{"start":{"line":44,"column":12},"end":{"line":44,"column":13}},"loc":{"start":{"line":44,"column":42},"end":{"line":44,"column":100}},"line":44},"6":{"name":"(anonymous_6)","decl":{"start":{"line":50,"column":12},"end":{"line":50,"column":13}},"loc":{"start":{"line":51,"column":4},"end":{"line":51,"column":69}},"line":51},"7":{"name":"(anonymous_7)","decl":{"start":{"line":51,"column":53},"end":{"line":51,"column":54}},"loc":{"start":{"line":51,"column":59},"end":{"line":51,"column":68}},"line":51}},"branchMap":{"0":{"loc":{"start":{"line":19,"column":12},"end":{"line":19,"column":61}},"type":"cond-expr","locations":[{"start":{"line":19,"column":20},"end":{"line":19,"column":56}},{"start":{"line":19,"column":59},"end":{"line":19,"column":61}}],"line":19},"1":{"loc":{"start":{"line":24,"column":4},"end":{"line":26,"column":5}},"type":"if","locations":[{"start":{"line":24,"column":4},"end":{"line":26,"column":5}},{"start":{},"end":{}}],"line":24}},"s":{"0":6,"1":6,"2":0,"3":6,"4":6,"5":6,"6":6,"7":2,"8":4,"9":6,"10":1,"11":2,"12":1,"13":1,"14":0,"15":2,"16":1},"f":{"0":6,"1":0,"2":2,"3":1,"4":1,"5":0,"6":2,"7":1},"b":{"0":[6,0],"1":[2,4]},"_coverageSchema":"1a1c01bbd47fc00a2c39e90264f33305004495a9","hash":"bb2819ebe3be9eda8608ee0140b5cdd1986278c2"}
,"/Users/victorboyadjian/Documents/dev/MSPR2/healthai-app/src/services/scanDishService.ts": {"path":"/Users/victorboyadjian/Documents/dev/MSPR2/healthai-app/src/services/scanDishService.ts","statementMap":{"0":{"start":{"line":6,"column":23},"end":{"line":6,"column":33}},"1":{"start":{"line":8,"column":23},"end":{"line":9,"column":37}},"2":{"start":{"line":9,"column":2},"end":{"line":9,"column":37}},"3":{"start":{"line":11,"column":47},"end":{"line":44,"column":1}},"4":{"start":{"line":14,"column":14},"end":{"line":14,"column":18}},"5":{"start":{"line":15,"column":17},"end":{"line":15,"column":20}},"6":{"start":{"line":17,"column":2},"end":{"line":41,"column":3}},"7":{"start":{"line":17,"column":21},"end":{"line":17,"column":22}},"8":{"start":{"line":18,"column":20},"end":{"line":18,"column":52}},"9":{"start":{"line":19,"column":4},"end":{"line":19,"column":30}},"10":{"start":{"line":21,"column":21},"end":{"line":21,"column":48}},"11":{"start":{"line":22,"column":19},"end":{"line":26,"column":6}},"12":{"start":{"line":28,"column":4},"end":{"line":30,"column":5}},"13":{"start":{"line":29,"column":6},"end":{"line":29,"column":63}},"14":{"start":{"line":32,"column":4},"end":{"line":34,"column":5}},"15":{"start":{"line":33,"column":6},"end":{"line":33,"column":27}},"16":{"start":{"line":36,"column":4},"end":{"line":40,"column":5}},"17":{"start":{"line":37,"column":6},"end":{"line":37,"column":23}},"18":{"start":{"line":39,"column":6},"end":{"line":39,"column":38}},"19":{"start":{"line":43,"column":2},"end":{"line":43,"column":66}},"20":{"start":{"line":46,"column":31},"end":{"line":86,"column":1}},"21":{"start":{"line":48,"column":18},"end":{"line":48,"column":28}},"22":{"start":{"line":49,"column":4},"end":{"line":51,"column":5}},"23":{"start":{"line":50,"column":6},"end":{"line":50,"column":72}},"24":{"start":{"line":53,"column":18},"end":{"line":53,"column":60}},"25":{"start":{"line":54,"column":4},"end":{"line":54,"column":53}},"26":{"start":{"line":55,"column":21},"end":{"line":64,"column":6}},"27":{"start":{"line":66,"column":4},"end":{"line":72,"column":5}},"28":{"start":{"line":67,"column":8},"end":{"line":67,"column":39}},"29":{"start":{"line":68,"column":8},"end":{"line":68,"column":29}},"30":{"start":{"line":69,"column":6},"end":{"line":71,"column":8}},"31":{"start":{"line":73,"column":25},"end":{"line":73,"column":64}},"32":{"start":{"line":74,"column":4},"end":{"line":74,"column":28}},"33":{"start":{"line":75,"column":4},"end":{"line":75,"column":34}},"34":{"start":{"line":77,"column":4},"end":{"line":83,"column":5}},"35":{"start":{"line":78,"column":8},"end":{"line":78,"column":39}},"36":{"start":{"line":79,"column":8},"end":{"line":79,"column":33}},"37":{"start":{"line":80,"column":6},"end":{"line":82,"column":8}},"38":{"start":{"line":84,"column":4},"end":{"line":84,"column":24}}},"fnMap":{"0":{"name":"(anonymous_0)","decl":{"start":{"line":8,"column":23},"end":{"line":8,"column":24}},"loc":{"start":{"line":9,"column":2},"end":{"line":9,"column":37}},"line":9},"1":{"name":"(anonymous_1)","decl":{"start":{"line":11,"column":47},"end":{"line":11,"column":48}},"loc":{"start":{"line":13,"column":22},"end":{"line":44,"column":1}},"line":13},"2":{"name":"(anonymous_2)","decl":{"start":{"line":47,"column":8},"end":{"line":47,"column":9}},"loc":{"start":{"line":47,"column":54},"end":{"line":85,"column":3}},"line":47}},"branchMap":{"0":{"loc":{"start":{"line":28,"column":4},"end":{"line":30,"column":5}},"type":"if","locations":[{"start":{"line":28,"column":4},"end":{"line":30,"column":5}},{"start":{},"end":{}}],"line":28},"1":{"loc":{"start":{"line":32,"column":4},"end":{"line":34,"column":5}},"type":"if","locations":[{"start":{"line":32,"column":4},"end":{"line":34,"column":5}},{"start":{},"end":{}}],"line":32},"2":{"loc":{"start":{"line":36,"column":4},"end":{"line":40,"column":5}},"type":"if","locations":[{"start":{"line":36,"column":4},"end":{"line":40,"column":5}},{"start":{"line":38,"column":11},"end":{"line":40,"column":5}}],"line":36},"3":{"loc":{"start":{"line":49,"column":4},"end":{"line":51,"column":5}},"type":"if","locations":[{"start":{"line":49,"column":4},"end":{"line":51,"column":5}},{"start":{},"end":{}}],"line":49},"4":{"loc":{"start":{"line":56,"column":6},"end":{"line":56,"column":76}},"type":"cond-expr","locations":[{"start":{"line":56,"column":44},"end":{"line":56,"column":64}},{"start":{"line":56,"column":67},"end":{"line":56,"column":76}}],"line":56},"5":{"loc":{"start":{"line":66,"column":4},"end":{"line":72,"column":5}},"type":"if","locations":[{"start":{"line":66,"column":4},"end":{"line":72,"column":5}},{"start":{},"end":{}}],"line":66},"6":{"loc":{"start":{"line":77,"column":4},"end":{"line":83,"column":5}},"type":"if","locations":[{"start":{"line":77,"column":4},"end":{"line":83,"column":5}},{"start":{},"end":{}}],"line":77}},"s":{"0":0,"1":0,"2":0,"3":0,"4":0,"5":0,"6":0,"7":0,"8":0,"9":0,"10":0,"11":0,"12":0,"13":0,"14":0,"15":0,"16":0,"17":0,"18":0,"19":0,"20":0,"21":0,"22":0,"23":0,"24":0,"25":0,"26":0,"27":0,"28":0,"29":0,"30":0,"31":0,"32":0,"33":0,"34":0,"35":0,"36":0,"37":0,"38":0},"f":{"0":0,"1":0,"2":0},"b":{"0":[0,0],"1":[0,0],"2":[0,0],"3":[0,0],"4":[0,0],"5":[0,0],"6":[0,0]}}
,"/Users/victorboyadjian/Documents/dev/MSPR2/healthai-app/src/services/sessionService.ts": {"path":"/Users/victorboyadjian/Documents/dev/MSPR2/healthai-app/src/services/sessionService.ts","statementMap":{"0":{"start":{"line":7,"column":12},"end":{"line":7,"column":72}},"1":{"start":{"line":7,"column":27},"end":{"line":7,"column":72}},"2":{"start":{"line":13,"column":30},"end":{"line":80,"column":1}},"3":{"start":{"line":19,"column":76},"end":{"line":19,"column":78}},"4":{"start":{"line":20,"column":4},"end":{"line":20,"column":96}},"5":{"start":{"line":20,"column":21},"end":{"line":20,"column":96}},"6":{"start":{"line":22,"column":21},"end":{"line":27,"column":6}},"7":{"start":{"line":28,"column":4},"end":{"line":28,"column":25}},"8":{"start":{"line":37,"column":21},"end":{"line":41,"column":6}},"9":{"start":{"line":42,"column":4},"end":{"line":42,"column":36}},"10":{"start":{"line":47,"column":20},"end":{"line":47,"column":66}},"11":{"start":{"line":48,"column":4},"end":{"line":48,"column":36}},"12":{"start":{"line":53,"column":16},"end":{"line":53,"column":76}},"13":{"start":{"line":54,"column":4},"end":{"line":58,"column":8}},"14":{"start":{"line":54,"column":32},"end":{"line":58,"column":5}},"15":{"start":{"line":63,"column":4},"end":{"line":66,"column":6}},"16":{"start":{"line":73,"column":4},"end":{"line":76,"column":6}},"17":{"start":{"line":79,"column":37},"end":{"line":79,"column":91}}},"fnMap":{"0":{"name":"(anonymous_0)","decl":{"start":{"line":7,"column":12},"end":{"line":7,"column":13}},"loc":{"start":{"line":7,"column":27},"end":{"line":7,"column":72}},"line":7},"1":{"name":"(anonymous_1)","decl":{"start":{"line":18,"column":10},"end":{"line":18,"column":11}},"loc":{"start":{"line":18,"column":61},"end":{"line":29,"column":3}},"line":18},"2":{"name":"(anonymous_2)","decl":{"start":{"line":36,"column":11},"end":{"line":36,"column":12}},"loc":{"start":{"line":36,"column":79},"end":{"line":43,"column":3}},"line":36},"3":{"name":"(anonymous_3)","decl":{"start":{"line":46,"column":16},"end":{"line":46,"column":17}},"loc":{"start":{"line":46,"column":80},"end":{"line":49,"column":3}},"line":46},"4":{"name":"(anonymous_4)","decl":{"start":{"line":52,"column":12},"end":{"line":52,"column":13}},"loc":{"start":{"line":52,"column":48},"end":{"line":59,"column":3}},"line":52},"5":{"name":"(anonymous_5)","decl":{"start":{"line":54,"column":24},"end":{"line":54,"column":25}},"loc":{"start":{"line":54,"column":32},"end":{"line":58,"column":5}},"line":54},"6":{"name":"(anonymous_6)","decl":{"start":{"line":62,"column":10},"end":{"line":62,"column":11}},"loc":{"start":{"line":63,"column":4},"end":{"line":66,"column":6}},"line":63},"7":{"name":"(anonymous_7)","decl":{"start":{"line":69,"column":10},"end":{"line":69,"column":11}},"loc":{"start":{"line":73,"column":4},"end":{"line":76,"column":6}},"line":73},"8":{"name":"(anonymous_8)","decl":{"start":{"line":79,"column":10},"end":{"line":79,"column":11}},"loc":{"start":{"line":79,"column":37},"end":{"line":79,"column":91}},"line":79}},"branchMap":{"0":{"loc":{"start":{"line":20,"column":4},"end":{"line":20,"column":96}},"type":"if","locations":[{"start":{"line":20,"column":4},"end":{"line":20,"column":96}},{"start":{},"end":{}}],"line":20},"1":{"loc":{"start":{"line":42,"column":11},"end":{"line":42,"column":35}},"type":"binary-expr","locations":[{"start":{"line":42,"column":11},"end":{"line":42,"column":27}},{"start":{"line":42,"column":31},"end":{"line":42,"column":35}}],"line":42},"2":{"loc":{"start":{"line":48,"column":11},"end":{"line":48,"column":35}},"type":"binary-expr","locations":[{"start":{"line":48,"column":11},"end":{"line":48,"column":29}},{"start":{"line":48,"column":33},"end":{"line":48,"column":35}}],"line":48},"3":{"loc":{"start":{"line":56,"column":21},"end":{"line":56,"column":38}},"type":"binary-expr","locations":[{"start":{"line":56,"column":21},"end":{"line":56,"column":32}},{"start":{"line":56,"column":36},"end":{"line":56,"column":38}}],"line":56},"4":{"loc":{"start":{"line":57,"column":32},"end":{"line":57,"column":59}},"type":"binary-expr","locations":[{"start":{"line":57,"column":32},"end":{"line":57,"column":53}},{"start":{"line":57,"column":57},"end":{"line":57,"column":59}}],"line":57},"5":{"loc":{"start":{"line":74,"column":10},"end":{"line":74,"column":98}},"type":"cond-expr","locations":[{"start":{"line":74,"column":37},"end":{"line":74,"column":93}},{"start":{"line":74,"column":96},"end":{"line":74,"column":98}}],"line":74},"6":{"loc":{"start":{"line":75,"column":10},"end":{"line":75,"column":74}},"type":"cond-expr","locations":[{"start":{"line":75,"column":32},"end":{"line":75,"column":69}},{"start":{"line":75,"column":72},"end":{"line":75,"column":74}}],"line":75}},"s":{"0":1,"1":2,"2":1,"3":3,"4":3,"5":2,"6":3,"7":3,"8":4,"9":4,"10":2,"11":2,"12":1,"13":1,"14":1,"15":1,"16":1,"17":1},"f":{"0":2,"1":3,"2":4,"3":2,"4":1,"5":1,"6":1,"7":1,"8":1},"b":{"0":[2,1],"1":[4,2],"2":[2,1],"3":[1,0],"4":[1,0],"5":[0,1],"6":[1,0]},"_coverageSchema":"1a1c01bbd47fc00a2c39e90264f33305004495a9","hash":"0044eae3ba72607e8144920ac1c7d8e31995408a"}
,"/Users/victorboyadjian/Documents/dev/MSPR2/healthai-app/src/services/themeStorage.ts": {"path":"/Users/victorboyadjian/Documents/dev/MSPR2/healthai-app/src/services/themeStorage.ts","statementMap":{"0":{"start":{"line":6,"column":12},"end":{"line":6,"column":39}},"1":{"start":{"line":8,"column":21},"end":{"line":9,"column":49}},"2":{"start":{"line":9,"column":2},"end":{"line":9,"column":49}},"3":{"start":{"line":12,"column":28},"end":{"line":28,"column":1}},"4":{"start":{"line":15,"column":6},"end":{"line":17,"column":45}},"5":{"start":{"line":18,"column":4},"end":{"line":18,"column":42}},"6":{"start":{"line":22,"column":4},"end":{"line":25,"column":5}},"7":{"start":{"line":23,"column":6},"end":{"line":23,"column":56}},"8":{"start":{"line":24,"column":6},"end":{"line":24,"column":13}},"9":{"start":{"line":26,"column":4},"end":{"line":26,"column":52}}},"fnMap":{"0":{"name":"(anonymous_0)","decl":{"start":{"line":8,"column":21},"end":{"line":8,"column":22}},"loc":{"start":{"line":9,"column":2},"end":{"line":9,"column":49}},"line":9},"1":{"name":"(anonymous_1)","decl":{"start":{"line":13,"column":7},"end":{"line":13,"column":8}},"loc":{"start":{"line":13,"column":52},"end":{"line":19,"column":3}},"line":13},"2":{"name":"(anonymous_2)","decl":{"start":{"line":21,"column":7},"end":{"line":21,"column":8}},"loc":{"start":{"line":21,"column":61},"end":{"line":27,"column":3}},"line":21}},"branchMap":{"0":{"loc":{"start":{"line":9,"column":2},"end":{"line":9,"column":49}},"type":"binary-expr","locations":[{"start":{"line":9,"column":2},"end":{"line":9,"column":16}},{"start":{"line":9,"column":20},"end":{"line":9,"column":33}},{"start":{"line":9,"column":37},"end":{"line":9,"column":49}}],"line":9},"1":{"loc":{"start":{"line":15,"column":6},"end":{"line":17,"column":45}},"type":"cond-expr","locations":[{"start":{"line":16,"column":10},"end":{"line":16,"column":55}},{"start":{"line":17,"column":10},"end":{"line":17,"column":45}}],"line":15},"2":{"loc":{"start":{"line":16,"column":10},"end":{"line":16,"column":55}},"type":"binary-expr","locations":[{"start":{"line":16,"column":10},"end":{"line":16,"column":47}},{"start":{"line":16,"column":51},"end":{"line":16,"column":55}}],"line":16},"3":{"loc":{"start":{"line":18,"column":11},"end":{"line":18,"column":41}},"type":"cond-expr","locations":[{"start":{"line":18,"column":31},"end":{"line":18,"column":34}},{"start":{"line":18,"column":37},"end":{"line":18,"column":41}}],"line":18},"4":{"loc":{"start":{"line":22,"column":4},"end":{"line":25,"column":5}},"type":"if","locations":[{"start":{"line":22,"column":4},"end":{"line":25,"column":5}},{"start":{},"end":{}}],"line":22}},"s":{"0":1,"1":1,"2":7,"3":1,"4":7,"5":7,"6":5,"7":1,"8":1,"9":4},"f":{"0":7,"1":7,"2":5},"b":{"0":[7,6,4],"1":[2,5],"2":[2,0],"3":[4,3],"4":[1,4]},"_coverageSchema":"1a1c01bbd47fc00a2c39e90264f33305004495a9","hash":"a4a818e36326363060bb2d80407984ea1be761fc"}
,"/Users/victorboyadjian/Documents/dev/MSPR2/healthai-app/src/services/tokenStorage.ts": {"path":"/Users/victorboyadjian/Documents/dev/MSPR2/healthai-app/src/services/tokenStorage.ts","statementMap":{"0":{"start":{"line":6,"column":12},"end":{"line":6,"column":36}},"1":{"start":{"line":8,"column":28},"end":{"line":29,"column":1}},"2":{"start":{"line":10,"column":4},"end":{"line":10,"column":84}},"3":{"start":{"line":10,"column":31},"end":{"line":10,"column":84}},"4":{"start":{"line":11,"column":4},"end":{"line":11,"column":41}},"5":{"start":{"line":15,"column":4},"end":{"line":18,"column":5}},"6":{"start":{"line":16,"column":6},"end":{"line":16,"column":51}},"7":{"start":{"line":17,"column":6},"end":{"line":17,"column":13}},"8":{"start":{"line":19,"column":4},"end":{"line":19,"column":47}},"9":{"start":{"line":23,"column":4},"end":{"line":26,"column":5}},"10":{"start":{"line":24,"column":6},"end":{"line":24,"column":47}},"11":{"start":{"line":25,"column":6},"end":{"line":25,"column":13}},"12":{"start":{"line":27,"column":4},"end":{"line":27,"column":43}}},"fnMap":{"0":{"name":"(anonymous_0)","decl":{"start":{"line":9,"column":7},"end":{"line":9,"column":8}},"loc":{"start":{"line":9,"column":43},"end":{"line":12,"column":3}},"line":9},"1":{"name":"(anonymous_1)","decl":{"start":{"line":14,"column":7},"end":{"line":14,"column":8}},"loc":{"start":{"line":14,"column":47},"end":{"line":20,"column":3}},"line":14},"2":{"name":"(anonymous_2)","decl":{"start":{"line":22,"column":9},"end":{"line":22,"column":10}},"loc":{"start":{"line":22,"column":36},"end":{"line":28,"column":3}},"line":22}},"branchMap":{"0":{"loc":{"start":{"line":10,"column":4},"end":{"line":10,"column":84}},"type":"if","locations":[{"start":{"line":10,"column":4},"end":{"line":10,"column":84}},{"start":{},"end":{}}],"line":10},"1":{"loc":{"start":{"line":10,"column":38},"end":{"line":10,"column":83}},"type":"binary-expr","locations":[{"start":{"line":10,"column":38},"end":{"line":10,"column":75}},{"start":{"line":10,"column":79},"end":{"line":10,"column":83}}],"line":10},"2":{"loc":{"start":{"line":15,"column":4},"end":{"line":18,"column":5}},"type":"if","locations":[{"start":{"line":15,"column":4},"end":{"line":18,"column":5}},{"start":{},"end":{}}],"line":15},"3":{"loc":{"start":{"line":23,"column":4},"end":{"line":26,"column":5}},"type":"if","locations":[{"start":{"line":23,"column":4},"end":{"line":26,"column":5}},{"start":{},"end":{}}],"line":23}},"s":{"0":1,"1":1,"2":3,"3":1,"4":2,"5":2,"6":1,"7":1,"8":1,"9":2,"10":1,"11":1,"12":1},"f":{"0":3,"1":2,"2":2},"b":{"0":[1,2],"1":[1,0],"2":[1,1],"3":[1,1]},"_coverageSchema":"1a1c01bbd47fc00a2c39e90264f33305004495a9","hash":"45a4449552fbfd527485ada9b84e496e461c3d44"}
,"/Users/victorboyadjian/Documents/dev/MSPR2/healthai-app/src/services/userService.ts": {"path":"/Users/victorboyadjian/Documents/dev/MSPR2/healthai-app/src/services/userService.ts","statementMap":{"0":{"start":{"line":18,"column":27},"end":{"line":41,"column":1}},"1":{"start":{"line":21,"column":16},"end":{"line":25,"column":6}},"2":{"start":{"line":26,"column":4},"end":{"line":26,"column":23}},"3":{"start":{"line":36,"column":4},"end":{"line":40,"column":6}}},"fnMap":{"0":{"name":"(anonymous_0)","decl":{"start":{"line":20,"column":20},"end":{"line":20,"column":21}},"loc":{"start":{"line":20,"column":69},"end":{"line":27,"column":3}},"line":20},"1":{"name":"(anonymous_1)","decl":{"start":{"line":35,"column":10},"end":{"line":35,"column":11}},"loc":{"start":{"line":36,"column":4},"end":{"line":40,"column":6}},"line":36}},"branchMap":{"0":{"loc":{"start":{"line":38,"column":10},"end":{"line":38,"column":65}},"type":"cond-expr","locations":[{"start":{"line":38,"column":23},"end":{"line":38,"column":60}},{"start":{"line":38,"column":63},"end":{"line":38,"column":65}}],"line":38},"1":{"loc":{"start":{"line":39,"column":10},"end":{"line":39,"column":67}},"type":"cond-expr","locations":[{"start":{"line":39,"column":24},"end":{"line":39,"column":62}},{"start":{"line":39,"column":65},"end":{"line":39,"column":67}}],"line":39}},"s":{"0":1,"1":2,"2":2,"3":4},"f":{"0":2,"1":4},"b":{"0":[1,3],"1":[1,3]},"_coverageSchema":"1a1c01bbd47fc00a2c39e90264f33305004495a9","hash":"8722d3d65657bb26e84c8d66a1c6e3c163fb95c2"}
,"/Users/victorboyadjian/Documents/dev/MSPR2/healthai-app/src/stores/authStore.ts": {"path":"/Users/victorboyadjian/Documents/dev/MSPR2/healthai-app/src/stores/authStore.ts","statementMap":{"0":{"start":{"line":20,"column":27},"end":{"line":20,"column":64}},"1":{"start":{"line":23,"column":18},"end":{"line":23,"column":41}},"2":{"start":{"line":24,"column":2},"end":{"line":26,"column":3}},"3":{"start":{"line":25,"column":4},"end":{"line":25,"column":75}},"4":{"start":{"line":27,"column":2},"end":{"line":27,"column":17}}},"fnMap":{"0":{"name":"useAuthStore","decl":{"start":{"line":22,"column":16},"end":{"line":22,"column":28}},"loc":{"start":{"line":22,"column":42},"end":{"line":28,"column":1}},"line":22}},"branchMap":{"0":{"loc":{"start":{"line":24,"column":2},"end":{"line":26,"column":3}},"type":"if","locations":[{"start":{"line":24,"column":2},"end":{"line":26,"column":3}},{"start":{},"end":{}}],"line":24}},"s":{"0":1,"1":0,"2":0,"3":0,"4":0},"f":{"0":0},"b":{"0":[0,0]},"_coverageSchema":"1a1c01bbd47fc00a2c39e90264f33305004495a9","hash":"9ed4327063313eaef1c067fd720e8a2b5d33e193"}
,"/Users/victorboyadjian/Documents/dev/MSPR2/healthai-app/src/stores/dishStore.ts": {"path":"/Users/victorboyadjian/Documents/dev/MSPR2/healthai-app/src/stores/dishStore.ts","statementMap":{"0":{"start":{"line":2,"column":28},"end":{"line":2,"column":36}}},"fnMap":{"0":{"name":"(anonymous_0)","decl":{"start":{"line":2,"column":28},"end":{"line":2,"column":29}},"loc":{"start":{"line":2,"column":34},"end":{"line":2,"column":36}},"line":2}},"branchMap":{},"s":{"0":1},"f":{"0":1},"b":{},"_coverageSchema":"1a1c01bbd47fc00a2c39e90264f33305004495a9","hash":"f65597d7113db50c199f8967487dc39862e58239"}
,"/Users/victorboyadjian/Documents/dev/MSPR2/healthai-app/src/stores/sessionStore.ts": {"path":"/Users/victorboyadjian/Documents/dev/MSPR2/healthai-app/src/stores/sessionStore.ts","statementMap":{"0":{"start":{"line":2,"column":31},"end":{"line":2,"column":39}}},"fnMap":{"0":{"name":"(anonymous_0)","decl":{"start":{"line":2,"column":31},"end":{"line":2,"column":32}},"loc":{"start":{"line":2,"column":37},"end":{"line":2,"column":39}},"line":2}},"branchMap":{},"s":{"0":1},"f":{"0":1},"b":{},"_coverageSchema":"1a1c01bbd47fc00a2c39e90264f33305004495a9","hash":"a5a743d1105d64c2b505058c47efd4d3a9818dce"}
,"/Users/victorboyadjian/Documents/dev/MSPR2/healthai-app/src/stores/themeStore.ts": {"path":"/Users/victorboyadjian/Documents/dev/MSPR2/healthai-app/src/stores/themeStore.ts","statementMap":{"0":{"start":{"line":16,"column":28},"end":{"line":16,"column":66}},"1":{"start":{"line":19,"column":18},"end":{"line":19,"column":42}},"2":{"start":{"line":20,"column":2},"end":{"line":22,"column":3}},"3":{"start":{"line":21,"column":4},"end":{"line":21,"column":92}},"4":{"start":{"line":23,"column":2},"end":{"line":23,"column":17}}},"fnMap":{"0":{"name":"useThemePreference","decl":{"start":{"line":18,"column":16},"end":{"line":18,"column":34}},"loc":{"start":{"line":18,"column":49},"end":{"line":24,"column":1}},"line":18}},"branchMap":{"0":{"loc":{"start":{"line":20,"column":2},"end":{"line":22,"column":3}},"type":"if","locations":[{"start":{"line":20,"column":2},"end":{"line":22,"column":3}},{"start":{},"end":{}}],"line":20}},"s":{"0":1,"1":0,"2":0,"3":0,"4":0},"f":{"0":0},"b":{"0":[0,0]},"_coverageSchema":"1a1c01bbd47fc00a2c39e90264f33305004495a9","hash":"bbb5b3800f426c8c2ea53907cf01ab8e9bd06844"}
,"/Users/victorboyadjian/Documents/dev/MSPR2/healthai-app/src/utils/calculateCalories.ts": {"path":"/Users/victorboyadjian/Documents/dev/MSPR2/healthai-app/src/utils/calculateCalories.ts","statementMap":{"0":{"start":{"line":2,"column":2},"end":{"line":2,"column":11}},"1":{"start":{"line":6,"column":2},"end":{"line":6,"column":44}},"2":{"start":{"line":10,"column":2},"end":{"line":10,"column":11}}},"fnMap":{"0":{"name":"calculateTotalCalories","decl":{"start":{"line":1,"column":16},"end":{"line":1,"column":38}},"loc":{"start":{"line":1,"column":66},"end":{"line":3,"column":1}},"line":1},"1":{"name":"calculateMacros","decl":{"start":{"line":5,"column":16},"end":{"line":5,"column":31}},"loc":{"start":{"line":5,"column":51},"end":{"line":7,"column":1}},"line":5},"2":{"name":"calculateCaloriesBurned","decl":{"start":{"line":9,"column":16},"end":{"line":9,"column":39}},"loc":{"start":{"line":9,"column":67},"end":{"line":11,"column":1}},"line":9}},"branchMap":{},"s":{"0":2,"1":2,"2":2},"f":{"0":2,"1":2,"2":2},"b":{},"_coverageSchema":"1a1c01bbd47fc00a2c39e90264f33305004495a9","hash":"c397f553c818254b173f8c0a862827428a3cb81a"}
,"/Users/victorboyadjian/Documents/dev/MSPR2/healthai-app/src/utils/day.ts": {"path":"/Users/victorboyadjian/Documents/dev/MSPR2/healthai-app/src/utils/day.ts","statementMap":{"0":{"start":{"line":1,"column":15},"end":{"line":1,"column":34}},"1":{"start":{"line":4,"column":12},"end":{"line":4,"column":26}},"2":{"start":{"line":5,"column":2},"end":{"line":5,"column":25}},"3":{"start":{"line":6,"column":2},"end":{"line":6,"column":11}},"4":{"start":{"line":10,"column":2},"end":{"line":10,"column":64}},"5":{"start":{"line":14,"column":2},"end":{"line":14,"column":61}},"6":{"start":{"line":18,"column":16},"end":{"line":18,"column":26}},"7":{"start":{"line":19,"column":2},"end":{"line":19,"column":51}},"8":{"start":{"line":19,"column":30},"end":{"line":19,"column":51}},"9":{"start":{"line":20,"column":2},"end":{"line":20,"column":57}},"10":{"start":{"line":20,"column":43},"end":{"line":20,"column":57}},"11":{"start":{"line":21,"column":2},"end":{"line":21,"column":58}},"12":{"start":{"line":21,"column":42},"end":{"line":21,"column":58}},"13":{"start":{"line":22,"column":2},"end":{"line":22,"column":94}}},"fnMap":{"0":{"name":"startOfDay","decl":{"start":{"line":3,"column":16},"end":{"line":3,"column":26}},"loc":{"start":{"line":3,"column":45},"end":{"line":7,"column":1}},"line":3},"1":{"name":"addDays","decl":{"start":{"line":9,"column":16},"end":{"line":9,"column":23}},"loc":{"start":{"line":9,"column":58},"end":{"line":11,"column":1}},"line":9},"2":{"name":"isSameDay","decl":{"start":{"line":13,"column":16},"end":{"line":13,"column":25}},"loc":{"start":{"line":13,"column":53},"end":{"line":15,"column":1}},"line":13},"3":{"name":"formatDayLabel","decl":{"start":{"line":17,"column":16},"end":{"line":17,"column":30}},"loc":{"start":{"line":17,"column":51},"end":{"line":23,"column":1}},"line":17}},"branchMap":{"0":{"loc":{"start":{"line":19,"column":2},"end":{"line":19,"column":51}},"type":"if","locations":[{"start":{"line":19,"column":2},"end":{"line":19,"column":51}},{"start":{},"end":{}}],"line":19},"1":{"loc":{"start":{"line":20,"column":2},"end":{"line":20,"column":57}},"type":"if","locations":[{"start":{"line":20,"column":2},"end":{"line":20,"column":57}},{"start":{},"end":{}}],"line":20},"2":{"loc":{"start":{"line":21,"column":2},"end":{"line":21,"column":58}},"type":"if","locations":[{"start":{"line":21,"column":2},"end":{"line":21,"column":58}},{"start":{},"end":{}}],"line":21}},"s":{"0":1,"1":32,"2":32,"3":32,"4":8,"5":11,"6":4,"7":4,"8":1,"9":3,"10":1,"11":2,"12":1,"13":1},"f":{"0":32,"1":8,"2":11,"3":4},"b":{"0":[1,3],"1":[1,2],"2":[1,1]},"_coverageSchema":"1a1c01bbd47fc00a2c39e90264f33305004495a9","hash":"c975a225c53d658322b4e94e67c3460db0b57ecc"}
,"/Users/victorboyadjian/Documents/dev/MSPR2/healthai-app/src/utils/exerciseFormat.ts": {"path":"/Users/victorboyadjian/Documents/dev/MSPR2/healthai-app/src/utils/exerciseFormat.ts","statementMap":{"0":{"start":{"line":5,"column":2},"end":{"line":5,"column":97}},"1":{"start":{"line":10,"column":25},"end":{"line":10,"column":45}},"2":{"start":{"line":11,"column":26},"end":{"line":11,"column":28}},"3":{"start":{"line":12,"column":2},"end":{"line":12,"column":67}},"4":{"start":{"line":12,"column":12},"end":{"line":12,"column":67}},"5":{"start":{"line":13,"column":2},"end":{"line":13,"column":39}},"6":{"start":{"line":13,"column":12},"end":{"line":13,"column":39}},"7":{"start":{"line":14,"column":2},"end":{"line":14,"column":27}},"8":{"start":{"line":19,"column":15},"end":{"line":19,"column":39}},"9":{"start":{"line":20,"column":2},"end":{"line":20,"column":25}},"10":{"start":{"line":20,"column":13},"end":{"line":20,"column":25}},"11":{"start":{"line":21,"column":2},"end":{"line":21,"column":36}},"12":{"start":{"line":21,"column":17},"end":{"line":21,"column":36}},"13":{"start":{"line":22,"column":14},"end":{"line":22,"column":35}},"14":{"start":{"line":23,"column":14},"end":{"line":23,"column":23}},"15":{"start":{"line":24,"column":2},"end":{"line":24,"column":50}}},"fnMap":{"0":{"name":"exerciseMeta","decl":{"start":{"line":4,"column":16},"end":{"line":4,"column":28}},"loc":{"start":{"line":4,"column":64},"end":{"line":6,"column":1}},"line":4},"1":{"name":"exercisePrescription","decl":{"start":{"line":9,"column":16},"end":{"line":9,"column":36}},"loc":{"start":{"line":9,"column":72},"end":{"line":15,"column":1}},"line":9},"2":{"name":"exerciseRest","decl":{"start":{"line":18,"column":16},"end":{"line":18,"column":28}},"loc":{"start":{"line":18,"column":71},"end":{"line":25,"column":1}},"line":18}},"branchMap":{"0":{"loc":{"start":{"line":10,"column":25},"end":{"line":10,"column":45}},"type":"binary-expr","locations":[{"start":{"line":10,"column":25},"end":{"line":10,"column":39}},{"start":{"line":10,"column":43},"end":{"line":10,"column":45}}],"line":10},"1":{"loc":{"start":{"line":12,"column":2},"end":{"line":12,"column":67}},"type":"if","locations":[{"start":{"line":12,"column":2},"end":{"line":12,"column":67}},{"start":{},"end":{}}],"line":12},"2":{"loc":{"start":{"line":12,"column":34},"end":{"line":12,"column":63}},"type":"cond-expr","locations":[{"start":{"line":12,"column":45},"end":{"line":12,"column":53}},{"start":{"line":12,"column":56},"end":{"line":12,"column":63}}],"line":12},"3":{"loc":{"start":{"line":13,"column":2},"end":{"line":13,"column":39}},"type":"if","locations":[{"start":{"line":13,"column":2},"end":{"line":13,"column":39}},{"start":{},"end":{}}],"line":13},"4":{"loc":{"start":{"line":20,"column":2},"end":{"line":20,"column":25}},"type":"if","locations":[{"start":{"line":20,"column":2},"end":{"line":20,"column":25}},{"start":{},"end":{}}],"line":20},"5":{"loc":{"start":{"line":21,"column":2},"end":{"line":21,"column":36}},"type":"if","locations":[{"start":{"line":21,"column":2},"end":{"line":21,"column":36}},{"start":{},"end":{}}],"line":21},"6":{"loc":{"start":{"line":24,"column":9},"end":{"line":24,"column":49}},"type":"cond-expr","locations":[{"start":{"line":24,"column":15},"end":{"line":24,"column":34}},{"start":{"line":24,"column":37},"end":{"line":24,"column":49}}],"line":24}},"s":{"0":3,"1":4,"2":4,"3":4,"4":3,"5":4,"6":2,"7":4,"8":5,"9":5,"10":2,"11":3,"12":1,"13":2,"14":2,"15":2},"f":{"0":3,"1":4,"2":5},"b":{"0":[4,1],"1":[3,1],"2":[2,1],"3":[2,2],"4":[2,3],"5":[1,2],"6":[1,1]},"_coverageSchema":"1a1c01bbd47fc00a2c39e90264f33305004495a9","hash":"fbb72d4dd79a9dad01b261556a2f837e3527ca6d"}
,"/Users/victorboyadjian/Documents/dev/MSPR2/healthai-app/src/utils/formatDate.ts": {"path":"/Users/victorboyadjian/Documents/dev/MSPR2/healthai-app/src/utils/formatDate.ts","statementMap":{"0":{"start":{"line":7,"column":2},"end":{"line":7,"column":27}},"1":{"start":{"line":7,"column":14},"end":{"line":7,"column":27}},"2":{"start":{"line":8,"column":2},"end":{"line":8,"column":58}},"3":{"start":{"line":8,"column":45},"end":{"line":8,"column":58}},"4":{"start":{"line":9,"column":2},"end":{"line":9,"column":39}},"5":{"start":{"line":12,"column":15},"end":{"line":13,"column":64}},"6":{"start":{"line":13,"column":2},"end":{"line":13,"column":64}},"7":{"start":{"line":16,"column":12},"end":{"line":16,"column":24}},"8":{"start":{"line":17,"column":2},"end":{"line":17,"column":43}},"9":{"start":{"line":17,"column":33},"end":{"line":17,"column":43}},"10":{"start":{"line":18,"column":2},"end":{"line":18,"column":92}},"11":{"start":{"line":22,"column":12},"end":{"line":22,"column":24}},"12":{"start":{"line":23,"column":2},"end":{"line":23,"column":43}},"13":{"start":{"line":23,"column":33},"end":{"line":23,"column":43}},"14":{"start":{"line":24,"column":2},"end":{"line":29,"column":5}},"15":{"start":{"line":33,"column":12},"end":{"line":33,"column":24}},"16":{"start":{"line":34,"column":2},"end":{"line":34,"column":43}},"17":{"start":{"line":34,"column":33},"end":{"line":34,"column":43}},"18":{"start":{"line":35,"column":2},"end":{"line":35,"column":79}},"19":{"start":{"line":39,"column":2},"end":{"line":39,"column":44}},"20":{"start":{"line":39,"column":20},"end":{"line":39,"column":44}},"21":{"start":{"line":40,"column":12},"end":{"line":40,"column":36}},"22":{"start":{"line":41,"column":12},"end":{"line":41,"column":24}},"23":{"start":{"line":42,"column":2},"end":{"line":42,"column":42}}},"fnMap":{"0":{"name":"apiDateToIso","decl":{"start":{"line":6,"column":16},"end":{"line":6,"column":28}},"loc":{"start":{"line":6,"column":52},"end":{"line":10,"column":1}},"line":6},"1":{"name":"(anonymous_1)","decl":{"start":{"line":12,"column":15},"end":{"line":12,"column":16}},"loc":{"start":{"line":13,"column":2},"end":{"line":13,"column":64}},"line":13},"2":{"name":"formatDate","decl":{"start":{"line":15,"column":16},"end":{"line":15,"column":26}},"loc":{"start":{"line":15,"column":56},"end":{"line":19,"column":1}},"line":15},"3":{"name":"formatDateTime","decl":{"start":{"line":21,"column":16},"end":{"line":21,"column":30}},"loc":{"start":{"line":21,"column":60},"end":{"line":30,"column":1}},"line":21},"4":{"name":"formatTime","decl":{"start":{"line":32,"column":16},"end":{"line":32,"column":26}},"loc":{"start":{"line":32,"column":56},"end":{"line":36,"column":1}},"line":32},"5":{"name":"formatDuration","decl":{"start":{"line":38,"column":16},"end":{"line":38,"column":30}},"loc":{"start":{"line":38,"column":56},"end":{"line":43,"column":1}},"line":38}},"branchMap":{"0":{"loc":{"start":{"line":7,"column":2},"end":{"line":7,"column":27}},"type":"if","locations":[{"start":{"line":7,"column":2},"end":{"line":7,"column":27}},{"start":{},"end":{}}],"line":7},"1":{"loc":{"start":{"line":8,"column":2},"end":{"line":8,"column":58}},"type":"if","locations":[{"start":{"line":8,"column":2},"end":{"line":8,"column":58}},{"start":{},"end":{}}],"line":8},"2":{"loc":{"start":{"line":13,"column":2},"end":{"line":13,"column":64}},"type":"cond-expr","locations":[{"start":{"line":13,"column":29},"end":{"line":13,"column":57}},{"start":{"line":13,"column":60},"end":{"line":13,"column":64}}],"line":13},"3":{"loc":{"start":{"line":17,"column":2},"end":{"line":17,"column":43}},"type":"if","locations":[{"start":{"line":17,"column":2},"end":{"line":17,"column":43}},{"start":{},"end":{}}],"line":17},"4":{"loc":{"start":{"line":23,"column":2},"end":{"line":23,"column":43}},"type":"if","locations":[{"start":{"line":23,"column":2},"end":{"line":23,"column":43}},{"start":{},"end":{}}],"line":23},"5":{"loc":{"start":{"line":34,"column":2},"end":{"line":34,"column":43}},"type":"if","locations":[{"start":{"line":34,"column":2},"end":{"line":34,"column":43}},{"start":{},"end":{}}],"line":34},"6":{"loc":{"start":{"line":39,"column":2},"end":{"line":39,"column":44}},"type":"if","locations":[{"start":{"line":39,"column":2},"end":{"line":39,"column":44}},{"start":{},"end":{}}],"line":39},"7":{"loc":{"start":{"line":42,"column":9},"end":{"line":42,"column":41}},"type":"cond-expr","locations":[{"start":{"line":42,"column":13},"end":{"line":42,"column":30}},{"start":{"line":42,"column":33},"end":{"line":42,"column":41}}],"line":42}},"s":{"0":11,"1":1,"2":10,"3":3,"4":7,"5":2,"6":7,"7":3,"8":3,"9":1,"10":2,"11":2,"12":2,"13":1,"14":1,"15":2,"16":2,"17":1,"18":1,"19":6,"20":2,"21":4,"22":4,"23":4},"f":{"0":11,"1":7,"2":3,"3":2,"4":2,"5":6},"b":{"0":[1,10],"1":[3,7],"2":[5,2],"3":[1,2],"4":[1,1],"5":[1,1],"6":[2,4],"7":[2,2]},"_coverageSchema":"1a1c01bbd47fc00a2c39e90264f33305004495a9","hash":"3e67a9e118c82b191b65aad699da4f2af35187d7"}
,"/Users/victorboyadjian/Documents/dev/MSPR2/healthai-app/src/utils/nutrition.ts": {"path":"/Users/victorboyadjian/Documents/dev/MSPR2/healthai-app/src/utils/nutrition.ts","statementMap":{"0":{"start":{"line":8,"column":24},"end":{"line":11,"column":1}},"1":{"start":{"line":9,"column":12},"end":{"line":9,"column":49}},"2":{"start":{"line":10,"column":2},"end":{"line":10,"column":38}},"3":{"start":{"line":15,"column":12},"end":{"line":15,"column":26}},"4":{"start":{"line":16,"column":2},"end":{"line":16,"column":33}},"5":{"start":{"line":16,"column":14},"end":{"line":16,"column":33}},"6":{"start":{"line":17,"column":2},"end":{"line":17,"column":29}},"7":{"start":{"line":17,"column":14},"end":{"line":17,"column":29}},"8":{"start":{"line":18,"column":2},"end":{"line":18,"column":30}},"9":{"start":{"line":18,"column":14},"end":{"line":18,"column":30}},"10":{"start":{"line":19,"column":2},"end":{"line":19,"column":17}},"11":{"start":{"line":28,"column":23},"end":{"line":28,"column":51}},"12":{"start":{"line":29,"column":2},"end":{"line":29,"column":62}},"13":{"start":{"line":29,"column":50},"end":{"line":29,"column":62}},"14":{"start":{"line":31,"column":2},"end":{"line":39,"column":4}}},"fnMap":{"0":{"name":"(anonymous_0)","decl":{"start":{"line":8,"column":24},"end":{"line":8,"column":25}},"loc":{"start":{"line":8,"column":48},"end":{"line":11,"column":1}},"line":8},"1":{"name":"nextMealType","decl":{"start":{"line":14,"column":16},"end":{"line":14,"column":28}},"loc":{"start":{"line":14,"column":63},"end":{"line":20,"column":1}},"line":14},"2":{"name":"buildCaloriesInput","decl":{"start":{"line":27,"column":16},"end":{"line":27,"column":34}},"loc":{"start":{"line":27,"column":93},"end":{"line":40,"column":1}},"line":27}},"branchMap":{"0":{"loc":{"start":{"line":9,"column":12},"end":{"line":9,"column":49}},"type":"cond-expr","locations":[{"start":{"line":9,"column":36},"end":{"line":9,"column":37}},{"start":{"line":9,"column":40},"end":{"line":9,"column":49}}],"line":9},"1":{"loc":{"start":{"line":10,"column":9},"end":{"line":10,"column":37}},"type":"cond-expr","locations":[{"start":{"line":10,"column":30},"end":{"line":10,"column":31}},{"start":{"line":10,"column":34},"end":{"line":10,"column":37}}],"line":10},"2":{"loc":{"start":{"line":14,"column":29},"end":{"line":14,"column":51}},"type":"default-arg","locations":[{"start":{"line":14,"column":41},"end":{"line":14,"column":51}}],"line":14},"3":{"loc":{"start":{"line":16,"column":2},"end":{"line":16,"column":33}},"type":"if","locations":[{"start":{"line":16,"column":2},"end":{"line":16,"column":33}},{"start":{},"end":{}}],"line":16},"4":{"loc":{"start":{"line":17,"column":2},"end":{"line":17,"column":29}},"type":"if","locations":[{"start":{"line":17,"column":2},"end":{"line":17,"column":29}},{"start":{},"end":{}}],"line":17},"5":{"loc":{"start":{"line":18,"column":2},"end":{"line":18,"column":30}},"type":"if","locations":[{"start":{"line":18,"column":2},"end":{"line":18,"column":30}},{"start":{},"end":{}}],"line":18},"6":{"loc":{"start":{"line":29,"column":2},"end":{"line":29,"column":62}},"type":"if","locations":[{"start":{"line":29,"column":2},"end":{"line":29,"column":62}},{"start":{},"end":{}}],"line":29},"7":{"loc":{"start":{"line":29,"column":6},"end":{"line":29,"column":48}},"type":"binary-expr","locations":[{"start":{"line":29,"column":6},"end":{"line":29,"column":14}},{"start":{"line":29,"column":18},"end":{"line":29,"column":48}}],"line":29},"8":{"loc":{"start":{"line":32,"column":26},"end":{"line":32,"column":50}},"type":"binary-expr","locations":[{"start":{"line":32,"column":26},"end":{"line":32,"column":44}},{"start":{"line":32,"column":48},"end":{"line":32,"column":50}}],"line":32},"9":{"loc":{"start":{"line":33,"column":12},"end":{"line":33,"column":56}},"type":"cond-expr","locations":[{"start":{"line":33,"column":39},"end":{"line":33,"column":47}},{"start":{"line":33,"column":50},"end":{"line":33,"column":56}}],"line":33},"10":{"loc":{"start":{"line":34,"column":21},"end":{"line":34,"column":51}},"type":"binary-expr","locations":[{"start":{"line":34,"column":21},"end":{"line":34,"column":45}},{"start":{"line":34,"column":49},"end":{"line":34,"column":51}}],"line":34},"11":{"loc":{"start":{"line":35,"column":21},"end":{"line":35,"column":52}},"type":"binary-expr","locations":[{"start":{"line":35,"column":21},"end":{"line":35,"column":45}},{"start":{"line":35,"column":49},"end":{"line":35,"column":52}}],"line":35},"12":{"loc":{"start":{"line":37,"column":36},"end":{"line":37,"column":70}},"type":"binary-expr","locations":[{"start":{"line":37,"column":36},"end":{"line":37,"column":64}},{"start":{"line":37,"column":68},"end":{"line":37,"column":70}}],"line":37}},"s":{"0":1,"1":24,"2":24,"3":8,"4":8,"5":2,"6":6,"7":2,"8":4,"9":2,"10":2,"11":5,"12":5,"13":2,"14":3},"f":{"0":24,"1":8,"2":5},"b":{"0":[18,6],"1":[21,3],"2":[0],"3":[2,6],"4":[2,4],"5":[2,2],"6":[2,3],"7":[5,4],"8":[3,0],"9":[2,1],"10":[3,0],"11":[3,0],"12":[3,0]},"_coverageSchema":"1a1c01bbd47fc00a2c39e90264f33305004495a9","hash":"c5ae43bce6a69edc8925d896f858facb8494c335"}
,"/Users/victorboyadjian/Documents/dev/MSPR2/healthai-app/src/utils/recommendation.ts": {"path":"/Users/victorboyadjian/Documents/dev/MSPR2/healthai-app/src/utils/recommendation.ts","statementMap":{"0":{"start":{"line":7,"column":21},"end":{"line":7,"column":89}},"1":{"start":{"line":7,"column":60},"end":{"line":7,"column":89}},"2":{"start":{"line":11,"column":2},"end":{"line":11,"column":42}},"3":{"start":{"line":11,"column":24},"end":{"line":11,"column":42}},"4":{"start":{"line":12,"column":2},"end":{"line":12,"column":42}},"5":{"start":{"line":12,"column":24},"end":{"line":12,"column":42}},"6":{"start":{"line":13,"column":2},"end":{"line":13,"column":24}},"7":{"start":{"line":22,"column":2},"end":{"line":30,"column":4}},"8":{"start":{"line":37,"column":24},"end":{"line":37,"column":33}},"9":{"start":{"line":38,"column":2},"end":{"line":38,"column":98}},"10":{"start":{"line":38,"column":39},"end":{"line":38,"column":96}},"11":{"start":{"line":39,"column":2},"end":{"line":39,"column":13}},"12":{"start":{"line":44,"column":2},"end":{"line":48,"column":5}},"13":{"start":{"line":45,"column":15},"end":{"line":45,"column":65}},"14":{"start":{"line":46,"column":15},"end":{"line":46,"column":65}},"15":{"start":{"line":47,"column":4},"end":{"line":47,"column":19}}},"fnMap":{"0":{"name":"(anonymous_0)","decl":{"start":{"line":7,"column":21},"end":{"line":7,"column":22}},"loc":{"start":{"line":7,"column":60},"end":{"line":7,"column":89}},"line":7},"1":{"name":"experienceFromSport","decl":{"start":{"line":10,"column":16},"end":{"line":10,"column":35}},"loc":{"start":{"line":10,"column":94},"end":{"line":14,"column":1}},"line":10},"2":{"name":"buildRecommendInputFromUser","decl":{"start":{"line":21,"column":16},"end":{"line":21,"column":43}},"loc":{"start":{"line":21,"column":72},"end":{"line":31,"column":1}},"line":21},"3":{"name":"rankByName","decl":{"start":{"line":36,"column":16},"end":{"line":36,"column":26}},"loc":{"start":{"line":36,"column":67},"end":{"line":40,"column":1}},"line":36},"4":{"name":"(anonymous_4)","decl":{"start":{"line":38,"column":29},"end":{"line":38,"column":30}},"loc":{"start":{"line":38,"column":39},"end":{"line":38,"column":96}},"line":38},"5":{"name":"orderGoals","decl":{"start":{"line":43,"column":16},"end":{"line":43,"column":26}},"loc":{"start":{"line":43,"column":66},"end":{"line":49,"column":1}},"line":43},"6":{"name":"(anonymous_6)","decl":{"start":{"line":44,"column":25},"end":{"line":44,"column":26}},"loc":{"start":{"line":44,"column":35},"end":{"line":48,"column":3}},"line":44}},"branchMap":{"0":{"loc":{"start":{"line":11,"column":2},"end":{"line":11,"column":42}},"type":"if","locations":[{"start":{"line":11,"column":2},"end":{"line":11,"column":42}},{"start":{},"end":{}}],"line":11},"1":{"loc":{"start":{"line":12,"column":2},"end":{"line":12,"column":42}},"type":"if","locations":[{"start":{"line":12,"column":2},"end":{"line":12,"column":42}},{"start":{},"end":{}}],"line":12},"2":{"loc":{"start":{"line":23,"column":26},"end":{"line":23,"column":40}},"type":"binary-expr","locations":[{"start":{"line":23,"column":26},"end":{"line":23,"column":34}},{"start":{"line":23,"column":38},"end":{"line":23,"column":40}}],"line":23},"3":{"loc":{"start":{"line":24,"column":12},"end":{"line":24,"column":56}},"type":"cond-expr","locations":[{"start":{"line":24,"column":39},"end":{"line":24,"column":47}},{"start":{"line":24,"column":50},"end":{"line":24,"column":56}}],"line":24},"4":{"loc":{"start":{"line":25,"column":21},"end":{"line":25,"column":41}},"type":"binary-expr","locations":[{"start":{"line":25,"column":21},"end":{"line":25,"column":35}},{"start":{"line":25,"column":39},"end":{"line":25,"column":41}}],"line":25},"5":{"loc":{"start":{"line":26,"column":21},"end":{"line":26,"column":42}},"type":"binary-expr","locations":[{"start":{"line":26,"column":21},"end":{"line":26,"column":35}},{"start":{"line":26,"column":39},"end":{"line":26,"column":42}}],"line":26},"6":{"loc":{"start":{"line":27,"column":24},"end":{"line":27,"column":42}},"type":"binary-expr","locations":[{"start":{"line":27,"column":24},"end":{"line":27,"column":36}},{"start":{"line":27,"column":40},"end":{"line":27,"column":42}}],"line":27},"7":{"loc":{"start":{"line":28,"column":23},"end":{"line":28,"column":42}},"type":"binary-expr","locations":[{"start":{"line":28,"column":23},"end":{"line":28,"column":36}},{"start":{"line":28,"column":40},"end":{"line":28,"column":42}}],"line":28},"8":{"loc":{"start":{"line":29,"column":42},"end":{"line":29,"column":66}},"type":"binary-expr","locations":[{"start":{"line":29,"column":42},"end":{"line":29,"column":61}},{"start":{"line":29,"column":65},"end":{"line":29,"column":66}}],"line":29},"9":{"loc":{"start":{"line":45,"column":15},"end":{"line":45,"column":65}},"type":"binary-expr","locations":[{"start":{"line":45,"column":15},"end":{"line":45,"column":37}},{"start":{"line":45,"column":41},"end":{"line":45,"column":65}}],"line":45},"10":{"loc":{"start":{"line":46,"column":15},"end":{"line":46,"column":65}},"type":"binary-expr","locations":[{"start":{"line":46,"column":15},"end":{"line":46,"column":37}},{"start":{"line":46,"column":41},"end":{"line":46,"column":65}}],"line":46}},"s":{"0":2,"1":43,"2":11,"3":2,"4":9,"5":2,"6":7,"7":5,"8":3,"9":3,"10":4,"11":3,"12":2,"13":4,"14":4,"15":4},"f":{"0":43,"1":11,"2":5,"3":3,"4":4,"5":2,"6":4},"b":{"0":[2,9],"1":[2,7],"2":[5,1],"3":[1,4],"4":[5,1],"5":[5,1],"6":[5,1],"7":[5,1],"8":[5,1],"9":[4,2],"10":[4,3]},"_coverageSchema":"1a1c01bbd47fc00a2c39e90264f33305004495a9","hash":"0236124bb3bc20a63fd607b8b0660d9f8169bcd4"}
,"/Users/victorboyadjian/Documents/dev/MSPR2/healthai-app/src/utils/validators.ts": {"path":"/Users/victorboyadjian/Documents/dev/MSPR2/healthai-app/src/utils/validators.ts","statementMap":{"0":{"start":{"line":2,"column":2},"end":{"line":2,"column":57}},"1":{"start":{"line":6,"column":2},"end":{"line":6,"column":30}},"2":{"start":{"line":10,"column":2},"end":{"line":10,"column":33}}},"fnMap":{"0":{"name":"isValidEmail","decl":{"start":{"line":1,"column":16},"end":{"line":1,"column":28}},"loc":{"start":{"line":1,"column":53},"end":{"line":3,"column":1}},"line":1},"1":{"name":"isValidPassword","decl":{"start":{"line":5,"column":16},"end":{"line":5,"column":31}},"loc":{"start":{"line":5,"column":59},"end":{"line":7,"column":1}},"line":5},"2":{"name":"isNotEmpty","decl":{"start":{"line":9,"column":16},"end":{"line":9,"column":26}},"loc":{"start":{"line":9,"column":51},"end":{"line":11,"column":1}},"line":9}},"branchMap":{},"s":{"0":8,"1":5,"2":4},"f":{"0":8,"1":5,"2":4},"b":{},"_coverageSchema":"1a1c01bbd47fc00a2c39e90264f33305004495a9","hash":"aa8137e330996f171f57163dcfee74361fc5b55f"}
}
