TN:
SF:src/constants/config.ts
FNF:0
FNH:0
DA:1,11
LF:1
LH:1
BRDA:2,0,0,11
BRDA:2,0,1,0
BRDA:4,1,0,11
BRDA:4,1,1,0
BRDA:7,2,0,11
BRDA:7,2,1,0
BRDA:8,3,0,11
BRDA:8,3,1,0
BRF:8
BRH:4
end_of_record
TN:
SF:src/constants/meals.ts
FNF:0
FNH:0
DA:3,0
DA:5,0
LF:2
LH:0
BRF:0
BRH:0
end_of_record
TN:
SF:src/constants/routes.ts
FNF:0
FNH:0
DA:1,0
LF:1
LH:0
BRF:0
BRH:0
end_of_record
TN:
SF:src/constants/theme/colors.ts
FNF:0
FNH:0
DA:11,4
DA:20,4
LF:2
LH:2
BRF:0
BRH:0
end_of_record
TN:
SF:src/constants/theme/fonts.ts
FNF:0
FNH:0
DA:3,0
LF:1
LH:0
BRF:0
BRH:0
end_of_record
TN:
SF:src/constants/theme/layout.ts
FNF:0
FNH:0
DA:3,1
DA:13,1
DA:14,1
LF:3
LH:3
BRDA:13,0,0,1
BRDA:13,0,1,0
BRF:2
BRH:1
end_of_record
TN:
SF:src/services/allergyService.ts
FN:6,(anonymous_0)
FNF:1
FNH:1
FNDA:4,(anonymous_0)
DA:4,1
DA:7,4
DA:8,4
DA:9,4
DA:10,5
DA:15,5
DA:16,5
DA:17,1
DA:19,4
LF:9
LH:9
BRDA:16,0,0,4
BRDA:16,0,1,1
BRDA:16,1,0,5
BRDA:16,1,1,5
BRF:4
BRH:4
end_of_record
TN:
SF:src/services/api.ts
FN:13,setToken
FN:17,getToken
FN:22,(anonymous_2)
FN:33,request
FN:44,(anonymous_4)
FN:55,(anonymous_5)
FN:72,extractMessage
FN:112,resource
FN:114,(anonymous_8)
FN:117,(anonymous_9)
FN:120,(anonymous_10)
FNF:11
FNH:6
FNDA:12,setToken
FNDA:2,getToken
FNDA:3,(anonymous_2)
FNDA:6,request
FNDA:0,(anonymous_4)
FNDA:0,(anonymous_5)
FNDA:1,extractMessage
FNDA:80,resource
FNDA:0,(anonymous_8)
FNDA:0,(anonymous_9)
FNDA:0,(anonymous_10)
DA:11,10
DA:14,12
DA:18,2
DA:26,3
DA:27,3
DA:34,6
DA:39,6
DA:40,1
DA:43,6
DA:44,6
DA:46,6
DA:47,6
DA:54,5
DA:55,1
DA:56,1
DA:59,4
DA:60,3
DA:62,2
DA:63,1
DA:64,0
DA:66,1
DA:68,6
DA:73,1
DA:74,1
DA:75,1
DA:77,0
DA:78,0
DA:81,10
DA:113,80
DA:115,0
DA:118,0
DA:120,0
DA:124,10
DA:125,10
DA:126,10
DA:127,10
DA:128,10
DA:129,10
DA:130,10
DA:131,10
LF:40
LH:34
BRDA:39,0,0,1
BRDA:39,0,1,5
BRDA:50,1,0,2
BRDA:50,1,1,4
BRDA:54,2,0,1
BRDA:54,2,1,4
BRDA:59,3,0,1
BRDA:59,3,1,3
BRDA:62,4,0,1
BRDA:62,4,1,1
BRDA:63,5,0,0
BRDA:63,5,1,1
BRDA:63,6,0,1
BRDA:63,6,1,1
BRDA:73,7,0,1
BRDA:73,7,1,0
BRDA:73,8,0,1
BRDA:73,8,1,1
BRDA:73,8,2,1
BRDA:75,9,0,1
BRDA:75,9,1,0
BRDA:77,10,0,0
BRDA:77,10,1,0
BRDA:114,11,0,0
BRF:24
BRH:18
end_of_record
TN:
SF:src/services/authService.ts
FN:12,(anonymous_0)
FN:15,(anonymous_1)
FN:18,(anonymous_2)
FN:20,(anonymous_3)
FN:22,(anonymous_4)
FNF:5
FNH:5
FNDA:1,(anonymous_0)
FNDA:1,(anonymous_1)
FNDA:1,(anonymous_2)
FNDA:1,(anonymous_3)
FNDA:1,(anonymous_4)
DA:11,1
DA:13,1
DA:16,1
DA:18,1
DA:20,1
DA:22,1
LF:6
LH:6
BRF:0
BRH:0
end_of_record
TN:
SF:src/services/calculDishService.ts
FN:8,(anonymous_0)
FNF:1
FNH:1
FNDA:6,(anonymous_0)
DA:6,1
DA:9,6
DA:10,6
DA:11,1
DA:14,5
DA:24,5
DA:25,1
DA:26,1
DA:27,1
DA:31,4
DA:35,4
DA:36,2
DA:39,2
LF:13
LH:13
BRDA:10,0,0,1
BRDA:10,0,1,5
BRDA:24,1,0,1
BRDA:24,1,1,4
BRDA:35,2,0,2
BRDA:35,2,1,2
BRDA:35,3,0,4
BRDA:35,3,1,3
BRF:8
BRH:8
end_of_record
TN:
SF:src/services/dishService.ts
FN:15,(anonymous_0)
FN:26,(anonymous_1)
FN:29,(anonymous_2)
FN:37,(anonymous_3)
FN:40,(anonymous_4)
FNF:5
FNH:5
FNDA:3,(anonymous_0)
FNDA:1,(anonymous_1)
FNDA:1,(anonymous_2)
FNDA:1,(anonymous_3)
FNDA:1,(anonymous_4)
DA:14,1
DA:16,3
DA:23,3
DA:27,1
DA:30,1
DA:33,1
DA:34,1
DA:38,1
DA:40,1
LF:9
LH:9
BRF:0
BRH:0
end_of_record
TN:
SF:src/services/goalService.ts
FN:6,(anonymous_0)
FNF:1
FNH:1
FNDA:3,(anonymous_0)
DA:4,1
DA:7,3
DA:8,3
DA:9,3
DA:10,4
DA:15,4
DA:16,4
DA:17,1
DA:19,3
LF:9
LH:9
BRDA:16,0,0,3
BRDA:16,0,1,1
BRDA:16,1,0,4
BRDA:16,1,1,4
BRF:4
BRH:4
end_of_record
TN:
SF:src/services/handicapService.ts
FN:6,(anonymous_0)
FNF:1
FNH:1
FNDA:4,(anonymous_0)
DA:4,1
DA:7,4
DA:8,4
DA:9,4
DA:10,5
DA:15,5
DA:16,5
DA:17,1
DA:19,4
LF:9
LH:9
BRDA:16,0,0,4
BRDA:16,0,1,1
BRDA:16,1,0,5
BRDA:16,1,1,5
BRF:4
BRH:4
end_of_record
TN:
SF:src/services/healthService.ts
FN:13,(anonymous_0)
FN:19,(anonymous_1)
FN:28,(anonymous_2)
FN:35,(anonymous_3)
FN:36,(anonymous_4)
FN:40,(anonymous_5)
FNF:6
FNH:6
FNDA:1,(anonymous_0)
FNDA:2,(anonymous_1)
FNDA:3,(anonymous_2)
FNDA:4,(anonymous_3)
FNDA:4,(anonymous_4)
FNDA:1,(anonymous_5)
DA:11,1
DA:14,1
DA:15,1
DA:20,2
DA:21,2
DA:29,3
DA:34,3
DA:35,4
DA:36,4
DA:41,1
DA:42,1
LF:11
LH:11
BRF:0
BRH:0
end_of_record
TN:
SF:src/services/recommendationService.ts
FN:9,recoPost
FN:11,(anonymous_1)
FN:35,(anonymous_2)
FN:38,(anonymous_3)
FN:41,(anonymous_4)
FN:44,(anonymous_5)
FN:50,(anonymous_6)
FN:51,(anonymous_7)
FNF:8
FNH:6
FNDA:6,recoPost
FNDA:0,(anonymous_1)
FNDA:2,(anonymous_2)
FNDA:1,(anonymous_3)
FNDA:1,(anonymous_4)
FNDA:0,(anonymous_5)
FNDA:2,(anonymous_6)
FNDA:1,(anonymous_7)
DA:10,6
DA:11,6
DA:12,6
DA:13,6
DA:14,6
DA:24,6
DA:25,2
DA:27,4
DA:29,6
DA:33,1
DA:35,2
DA:38,1
DA:41,1
DA:44,0
DA:51,2
LF:15
LH:14
BRDA:19,0,0,6
BRDA:19,0,1,0
BRDA:24,1,0,2
BRDA:24,1,1,4
BRF:4
BRH:3
end_of_record
TN:
SF:src/services/scanDishService.ts
FN:8,(anonymous_0)
FN:11,(anonymous_1)
FN:47,(anonymous_2)
FNF:3
FNH:0
FNDA:0,(anonymous_0)
FNDA:0,(anonymous_1)
FNDA:0,(anonymous_2)
DA:6,0
DA:8,0
DA:9,0
DA:11,0
DA:14,0
DA:15,0
DA:17,0
DA:18,0
DA:19,0
DA:21,0
DA:22,0
DA:28,0
DA:29,0
DA:32,0
DA:33,0
DA:36,0
DA:37,0
DA:39,0
DA:43,0
DA:46,0
DA:48,0
DA:49,0
DA:50,0
DA:53,0
DA:54,0
DA:55,0
DA:66,0
DA:67,0
DA:68,0
DA:69,0
DA:73,0
DA:74,0
DA:75,0
DA:77,0
DA:78,0
DA:79,0
DA:80,0
DA:84,0
LF:38
LH:0
BRDA:28,0,0,0
BRDA:28,0,1,0
BRDA:32,1,0,0
BRDA:32,1,1,0
BRDA:36,2,0,0
BRDA:36,2,1,0
BRDA:49,3,0,0
BRDA:49,3,1,0
BRDA:56,4,0,0
BRDA:56,4,1,0
BRDA:66,5,0,0
BRDA:66,5,1,0
BRDA:77,6,0,0
BRDA:77,6,1,0
BRF:14
BRH:0
end_of_record
TN:
SF:src/services/sessionService.ts
FN:7,(anonymous_0)
FN:18,(anonymous_1)
FN:36,(anonymous_2)
FN:46,(anonymous_3)
FN:52,(anonymous_4)
FN:54,(anonymous_5)
FN:62,(anonymous_6)
FN:69,(anonymous_7)
FN:79,(anonymous_8)
FNF:9
FNH:9
FNDA:2,(anonymous_0)
FNDA:3,(anonymous_1)
FNDA:4,(anonymous_2)
FNDA:2,(anonymous_3)
FNDA:1,(anonymous_4)
FNDA:1,(anonymous_5)
FNDA:1,(anonymous_6)
FNDA:1,(anonymous_7)
FNDA:1,(anonymous_8)
DA:7,2
DA:13,1
DA:19,3
DA:20,3
DA:22,3
DA:28,3
DA:37,4
DA:42,4
DA:47,2
DA:48,2
DA:53,1
DA:54,1
DA:63,1
DA:73,1
DA:79,1
LF:15
LH:15
BRDA:20,0,0,2
BRDA:20,0,1,1
BRDA:42,1,0,4
BRDA:42,1,1,2
BRDA:48,2,0,2
BRDA:48,2,1,1
BRDA:56,3,0,1
BRDA:56,3,1,0
BRDA:57,4,0,1
BRDA:57,4,1,0
BRDA:74,5,0,0
BRDA:74,5,1,1
BRDA:75,6,0,1
BRDA:75,6,1,0
BRF:14
BRH:10
end_of_record
TN:
SF:src/services/themeStorage.ts
FN:8,(anonymous_0)
FN:13,(anonymous_1)
FN:21,(anonymous_2)
FNF:3
FNH:3
FNDA:7,(anonymous_0)
FNDA:7,(anonymous_1)
FNDA:5,(anonymous_2)
DA:6,1
DA:8,1
DA:9,7
DA:12,1
DA:15,7
DA:18,7
DA:22,5
DA:23,1
DA:24,1
DA:26,4
LF:10
LH:10
BRDA:9,0,0,7
BRDA:9,0,1,6
BRDA:9,0,2,4
BRDA:15,1,0,2
BRDA:15,1,1,5
BRDA:16,2,0,2
BRDA:16,2,1,0
BRDA:18,3,0,4
BRDA:18,3,1,3
BRDA:22,4,0,1
BRDA:22,4,1,4
BRF:11
BRH:10
end_of_record
TN:
SF:src/services/tokenStorage.ts
FN:9,(anonymous_0)
FN:14,(anonymous_1)
FN:22,(anonymous_2)
FNF:3
FNH:3
FNDA:3,(anonymous_0)
FNDA:2,(anonymous_1)
FNDA:2,(anonymous_2)
DA:6,1
DA:8,1
DA:10,3
DA:11,2
DA:15,2
DA:16,1
DA:17,1
DA:19,1
DA:23,2
DA:24,1
DA:25,1
DA:27,1
LF:12
LH:12
BRDA:10,0,0,1
BRDA:10,0,1,2
BRDA:10,1,0,1
BRDA:10,1,1,0
BRDA:15,2,0,1
BRDA:15,2,1,1
BRDA:23,3,0,1
BRDA:23,3,1,1
BRF:8
BRH:7
end_of_record
TN:
SF:src/services/userService.ts
FN:20,(anonymous_0)
FN:35,(anonymous_1)
FNF:2
FNH:2
FNDA:2,(anonymous_0)
FNDA:4,(anonymous_1)
DA:18,1
DA:21,2
DA:26,2
DA:36,4
LF:4
LH:4
BRDA:38,0,0,1
BRDA:38,0,1,3
BRDA:39,1,0,1
BRDA:39,1,1,3
BRF:4
BRH:4
end_of_record
TN:
SF:src/stores/authStore.ts
FN:22,useAuthStore
FNF:1
FNH:0
FNDA:0,useAuthStore
DA:20,1
DA:23,0
DA:24,0
DA:25,0
DA:27,0
LF:5
LH:1
BRDA:24,0,0,0
BRDA:24,0,1,0
BRF:2
BRH:0
end_of_record
TN:
SF:src/stores/dishStore.ts
FN:2,(anonymous_0)
FNF:1
FNH:1
FNDA:1,(anonymous_0)
DA:2,1
LF:1
LH:1
BRF:0
BRH:0
end_of_record
TN:
SF:src/stores/sessionStore.ts
FN:2,(anonymous_0)
FNF:1
FNH:1
FNDA:1,(anonymous_0)
DA:2,1
LF:1
LH:1
BRF:0
BRH:0
end_of_record
TN:
SF:src/stores/themeStore.ts
FN:18,useThemePreference
FNF:1
FNH:0
FNDA:0,useThemePreference
DA:16,1
DA:19,0
DA:20,0
DA:21,0
DA:23,0
LF:5
LH:1
BRDA:20,0,0,0
BRDA:20,0,1,0
BRF:2
BRH:0
end_of_record
TN:
SF:src/utils/calculateCalories.ts
FN:1,calculateTotalCalories
FN:5,calculateMacros
FN:9,calculateCaloriesBurned
FNF:3
FNH:3
FNDA:2,calculateTotalCalories
FNDA:2,calculateMacros
FNDA:2,calculateCaloriesBurned
DA:2,2
DA:6,2
DA:10,2
LF:3
LH:3
BRF:0
BRH:0
end_of_record
TN:
SF:src/utils/day.ts
FN:3,startOfDay
FN:9,addDays
FN:13,isSameDay
FN:17,formatDayLabel
FNF:4
FNH:4
FNDA:32,startOfDay
FNDA:8,addDays
FNDA:11,isSameDay
FNDA:4,formatDayLabel
DA:1,1
DA:4,32
DA:5,32
DA:6,32
DA:10,8
DA:14,11
DA:18,4
DA:19,4
DA:20,3
DA:21,2
DA:22,1
LF:11
LH:11
BRDA:19,0,0,1
BRDA:19,0,1,3
BRDA:20,1,0,1
BRDA:20,1,1,2
BRDA:21,2,0,1
BRDA:21,2,1,1
BRF:6
BRH:6
end_of_record
TN:
SF:src/utils/exerciseFormat.ts
FN:4,exerciseMeta
FN:9,exercisePrescription
FN:18,exerciseRest
FNF:3
FNH:3
FNDA:3,exerciseMeta
FNDA:4,exercisePrescription
FNDA:5,exerciseRest
DA:5,3
DA:10,4
DA:11,4
DA:12,4
DA:13,4
DA:14,4
DA:19,5
DA:20,5
DA:21,3
DA:22,2
DA:23,2
DA:24,2
LF:12
LH:12
BRDA:10,0,0,4
BRDA:10,0,1,1
BRDA:12,1,0,3
BRDA:12,1,1,1
BRDA:12,2,0,2
BRDA:12,2,1,1
BRDA:13,3,0,2
BRDA:13,3,1,2
BRDA:20,4,0,2
BRDA:20,4,1,3
BRDA:21,5,0,1
BRDA:21,5,1,2
BRDA:24,6,0,1
BRDA:24,6,1,1
BRF:14
BRH:14
end_of_record
TN:
SF:src/utils/formatDate.ts
FN:6,apiDateToIso
FN:12,(anonymous_1)
FN:15,formatDate
FN:21,formatDateTime
FN:32,formatTime
FN:38,formatDuration
FNF:6
FNH:6
FNDA:11,apiDateToIso
FNDA:7,(anonymous_1)
FNDA:3,formatDate
FNDA:2,formatDateTime
FNDA:2,formatTime
FNDA:6,formatDuration
DA:7,11
DA:8,10
DA:9,7
DA:12,2
DA:13,7
DA:16,3
DA:17,3
DA:18,2
DA:22,2
DA:23,2
DA:24,1
DA:33,2
DA:34,2
DA:35,1
DA:39,6
DA:40,4
DA:41,4
DA:42,4
LF:18
LH:18
BRDA:7,0,0,1
BRDA:7,0,1,10
BRDA:8,1,0,3
BRDA:8,1,1,7
BRDA:13,2,0,5
BRDA:13,2,1,2
BRDA:17,3,0,1
BRDA:17,3,1,2
BRDA:23,4,0,1
BRDA:23,4,1,1
BRDA:34,5,0,1
BRDA:34,5,1,1
BRDA:39,6,0,2
BRDA:39,6,1,4
BRDA:42,7,0,2
BRDA:42,7,1,2
BRF:16
BRH:16
end_of_record
TN:
SF:src/utils/nutrition.ts
FN:8,(anonymous_0)
FN:14,nextMealType
FN:27,buildCaloriesInput
FNF:3
FNH:3
FNDA:24,(anonymous_0)
FNDA:8,nextMealType
FNDA:5,buildCaloriesInput
DA:8,1
DA:9,24
DA:10,24
DA:15,8
DA:16,8
DA:17,6
DA:18,4
DA:19,2
DA:28,5
DA:29,5
DA:31,3
LF:11
LH:11
BRDA:9,0,0,18
BRDA:9,0,1,6
BRDA:10,1,0,21
BRDA:10,1,1,3
BRDA:14,2,0,0
BRDA:16,3,0,2
BRDA:16,3,1,6
BRDA:17,4,0,2
BRDA:17,4,1,4
BRDA:18,5,0,2
BRDA:18,5,1,2
BRDA:29,6,0,2
BRDA:29,6,1,3
BRDA:29,7,0,5
BRDA:29,7,1,4
BRDA:32,8,0,3
BRDA:32,8,1,0
BRDA:33,9,0,2
BRDA:33,9,1,1
BRDA:34,10,0,3
BRDA:34,10,1,0
BRDA:35,11,0,3
BRDA:35,11,1,0
BRDA:37,12,0,3
BRDA:37,12,1,0
BRF:25
BRH:20
end_of_record
TN:
SF:src/utils/recommendation.ts
FN:7,(anonymous_0)
FN:10,experienceFromSport
FN:21,buildRecommendInputFromUser
FN:36,rankByName
FN:38,(anonymous_4)
FN:43,orderGoals
FN:44,(anonymous_6)
FNF:7
FNH:7
FNDA:43,(anonymous_0)
FNDA:11,experienceFromSport
FNDA:5,buildRecommendInputFromUser
FNDA:3,rankByName
FNDA:4,(anonymous_4)
FNDA:2,orderGoals
FNDA:4,(anonymous_6)
DA:7,43
DA:11,11
DA:12,9
DA:13,7
DA:22,5
DA:37,3
DA:38,4
DA:39,3
DA:44,2
DA:45,4
DA:46,4
DA:47,4
LF:12
LH:12
BRDA:11,0,0,2
BRDA:11,0,1,9
BRDA:12,1,0,2
BRDA:12,1,1,7
BRDA:23,2,0,5
BRDA:23,2,1,1
BRDA:24,3,0,1
BRDA:24,3,1,4
BRDA:25,4,0,5
BRDA:25,4,1,1
BRDA:26,5,0,5
BRDA:26,5,1,1
BRDA:27,6,0,5
BRDA:27,6,1,1
BRDA:28,7,0,5
BRDA:28,7,1,1
BRDA:29,8,0,5
BRDA:29,8,1,1
BRDA:45,9,0,4
BRDA:45,9,1,2
BRDA:46,10,0,4
BRDA:46,10,1,3
BRF:22
BRH:22
end_of_record
TN:
SF:src/utils/validators.ts
FN:1,isValidEmail
FN:5,isValidPassword
FN:9,isNotEmpty
FNF:3
FNH:3
FNDA:8,isValidEmail
FNDA:5,isValidPassword
FNDA:4,isNotEmpty
DA:2,8
DA:6,5
DA:10,4
LF:3
LH:3
BRF:0
BRH:0
end_of_record
